=~=~=~=~=~=~=~=~=~=~=~= PuTTY log 2022.03.30 12:05:07 =~=~=~=~=~=~=~=~=~=~=~=
Filtered: 1Exp Smooth Fact: 0.90
X, Y, Z
14, 3, -9
-123, 0, 628
-171, 101, 178
-2, 48, 101
-24, -23, 277
33, 21, -66
-52, 12, -82
1, 7, -12
55, 7, -74
20, -4, 58
-90, 31, 54
-101, 78, 0
-106, 31, 34
-41, 29, -44
547, -305, -154
-212, 31, 21
-558, 226, 1097
-66, -34, 1020
88, -155, -329
41, -28, -238
-23, -29, -26
147, -109, -196
-47, 72, 10
18, -143, 19
-63, 221, -59
-100, -86, 89
9, 135, -58
-5, -94, 43
3, 49, 53
40, -80, -49
-2, -5, 23
14, -32, -7
0, -5, -36
-9, -10, -7
0, -12, -11
-24, 22, -21
-24, -7, -8
1, 1, -23
-8, -14, -23
-14, -5, 19
-7, 1, -7
-7, 0, -14
-11, 5, -11
-11, -6, -11
8, -2, 26
-2, -2, 0
-11, 12, -2
-9, 2, -22
-8, 8, -14
-7, 1, 0
-11, -5, 18
2, -5, -7
3, -5, -20
27, -5, -19
3, 5, -6
0, 5, -2
-18, 9, -6
-9, 8, -29
-19, 4, -5
-16, 9, -3
-27, 9, -21
-18, 1, -9
-12, 0, -16
-4, -2, 6
-6, 3, -12
-19, -1, -8
-17, -5, -19
4, -7, -8
4, -7, 2
13, -5, 1
9, 4, -23
1, 18, -4
18, -10, 0
5, -11, 5
-17, 15, -13
-16, 6, -8
-4, 18, -11
-7, 15, -6
4, 3, 9
-9, -5, -23
-4, -5, -20
-5, -6, -2
9, -10, -23
15, -1, 8
2, 4, 3
-2, 8, -1
5, -1, 2
2, 7, -7
-1, -4, 14
-14, -9, -12
-5, -8, -19
-9, -2, 0
-17, 8, -20
-6, 11, -16
-5, 20, 14
4, 9, 10
-7, 12, -6
11, 18, -4
17, 5, 3
5, 6, 4
-2, -1, 0
-4, 8, -7
0, -10, 2
5, -19, -20
-2, -1, 0
15, -5, 5
-2, -2, -31
-10, 15, -3
-18, 2, -9
-19, 1, 0
-14, 12, 5
-22, 3, -4
-22, 23, 4
-37, 12, -5
-26, 14, -16
-8, 5, -14
0, 6, 0
11, 0, -10
15, -4, 1
22, -8, 0
0, -3, -6
11, -8, -14
0, 4, 8
-5, -11, -6
-11, 0, -11
7, 1, 1
-3, 4, -16
-12, 11, -5
-1, 11, -2
-1, 8, -15
-8, 8, -16
-24, 12, -18
-19, -3, -3
-6, 0, -10
-20, -4, -15
-20, 4, -6
-18, 2, -6
2, 2, -17
-7, 7, 0
1, -6, -4
6, 0, -3
-1, -9, -9
5, 8, -3
2, 1, -1
0, -1, -6
-3, 3, 0
-7, 3, -1
-6, -5, -15
-3, -7, -14
0, 3, -14
5, 1, 7
-2, 2, -4
-3, -1, -5
2, -1, 9
-2, -3, 2
-10, 5, 2
-18, 2, -5
-11, 13, -13
1, 5, -3
-2, 4, -8
-7, 0, 0
0, 6, 0
9, 6, -21
8, 0, 1
4, 0, -20
-3, 8, 0
-5, -8, 0
-11, 2, 0
-5, 0, -11
3, -7, -10
-4, -6, -4
8, -4, -1
3, -4, -7
-2, 9, -5
-9, 4, 16
-9, 4, 9
-17, -3, -11
-9, 10, -6
-8, 0, -2
-4, 8, 6
4, 0, 1
3, 1, -8
21, 6, -4
12, -6, -5
3, 7, -32
-10, 10, -10
-12, 9, 1
-18, -1, 28
-33, 12, 26
-35, -3, -7
-12, 0, -41
-24, -5, -14
-9, -6, -9
-4, -10, 2
0, -11, 2
-6, -16, 25
-11, -3, 22
6, 4, -14
23, 13, 4
37, 10, -27
37, 0, -23
29, 18, -17
30, -4, 2
16, -11, 1
-24, 0, 15
-9, 4, 7
-26, 12, -26
-57, 11, -6
-45, 11, -21
-39, 12, -22
-37, 16, 8
-22, 11, 14
-11, 14, 0
6, 4, -10
10, -3, 0
25, 5, 3
30, -4, -24
30, -4, -7
39, -10, -3
24, -10, 7
18, -28, -4
5, -19, 3
-22, 0, -11
-17, -1, 6
-30, 0, 7
-27, 16, -20
-48, 10, -8
-43, 30, -4
-38, 36, -6
-25, 21, -25
-11, 21, -10
-10, 9, -9
2, 14, -7
13, 0, 5
13, -10, -6
23, -7, 0
19, -13, -14
16, -16, -28
17, -12, -10
11, -12, -10
-6, -21, -14
-9, -17, 1
-12, -2, -6
-11, 12, -4
-20, 13, -13
-20, 18, -17
-16, 33, 8
-16, 16, -1
4, 16, -3
-4, 11, 0
-5, 12, 1
-14, 8, 13
-7, -6, -25
-7, -11, -15
-7, -1, 2
6, -11, -7
-4, -4, 1
-3, 4, -20
-13, -2, -2
-7, 11, -12
3, 2, 6
0, 20, -41
9, 20, 20
-9, 25, 3
-4, 7, 17
-9, 24, 0
9, 13, 0
6, 4, -9
-9, 4, -42
12, -3, 11
1, 3, -14
8, 0, 0
-4, 0, 5
-5, -15, -7
5, 1, 1
-4, -4, -13
-9, -4, -4
-7, 4, -5
1, -9, -13
6, -12, -8
11, 0, 0
16, -1, 0
11, -1, 8
3, 16, 0
-24, 24, 0
-19, 2, 2
-17, -3, 2
-44, 4, 20
-35, 12, -5
-24, -2, -14
-7, 1, -6
-7, 0, -13
9, 5, 5
14, -2, 11
17, 4, 3
6, 4, -18
17, 11, -12
14, 3, -14
-5, -6, -16
4, -5, -8
0, -8, -1
-3, 0, -2
-5, -3, -2
3, 3, 3
-2, 4, 7
-25, 27, -3
-11, 18, -12
-27, 13, -7
-16, 7, 0
-7, 14, -5
-15, 18, 12
-3, 3, 3
-15, 1, -8
-10, 1, -14
18, -3, 3
4, 5, -3
-6, -2, -3
2, -13, -3
10, -5, -10
9, 7, -21
4, -4, -16
-1, -15, 6
-10, 7, -20
-9, 4, 1
-11, -4, -1
-12, -4, -10
-13, 2, -1
3, 0, -13
-9, -2, -4
-6, 5, 5
-15, 13, -17
0, 10, -2
-9, 14, -8
-2, 22, 0
5, -2, 9
-6, 13, -3
7, -5, 3
16, -7, -3
7, -2, -15
0, -1, -4
1, -7, -15
3, -16, -1
-8, -6, 6
-8, 2, -2
-13, 17, -12
-1, 13, 5
-1, 16, -7
-10, 15, -15
-12, 8, -9
6, 8, 0
6, 16, -11
13, 15, -6
20, 15, 8
16, -1, -22
-12, -9, -14
0, -6, 4
-2, -9, -4
3, -8, 1
0, 1, 20
2, -7, -15
2, -21, -16
2, -16, -6
14, 0, -10
-3, 3, -10
-5, 14, -5
-23, 27, -11
-18, 18, -2
-33, 20, -2
-34, 22, 10
-32, 13, 8
-29, 16, 6
-5, -10, -7
1, -10, -17
11, -19, 2
25, -11, 11
19, -1, 5
27, -6, 5
23, -9, 17
1, -4, 2
1, -3, -17
-2, 7, -8
-10, 3, -21
-4, 18, -3
-11, 0, 11
-14, 4, -16
-9, 3, 0
-27, 7, -13
-15, 15, 6
-16, 10, -2
-14, 2, 6
-5, 20, 0
6, -3, -5
16, 0, 4
7, -4, 18
15, 0, 0
30, -4, -16
29, -10, -13
-10, -2, -5
1, 4, -1
-6, 13, -7
-17, 10, -5
-13, 8, 0
-17, 16, 13
-19, 11, 16
-3, 6, 11
10, 3, -21
5, -16, -30
6, -24, -14
-1, -10, 8
0, 4, -10
1, 11, -12
-17, 0, 2
1, 3, -19
-18, -3, 13
-12, 3, 40
-18, 15, 28
-19, 30, -9
-3, 22, 1
-11, 4, -5
3, 3, -15
0, 3, -6
25, -1, 2
6, -3, -16
6, -6, -10
20, -11, 5
-7, -8, -8
-14, -8, 3
-15, -7, 3
-24, 4, 6
-15, 6, -4
-24, 16, 13
-25, 5, -9
6, 12, 2
-11, 12, -8
-4, 12, -9
-2, 11, 0
11, 0, 5
7, -3, -6
5, -17, -22
7, -14, -6
4, -15, -3
-1, -15, 0
-14, -6, 5
-17, 2, -6
-11, 11, -10
-22, 29, -1
-26, 33, -9
-4, 50, 5
-30, 34, -16
-13, 20, -18
-17, 7, -11
-5, -10, -10
-2, -12, 9
9, -36, -19
10, -36, -15
15, -27, 2
6, -1, -4
17, -7, 0
-6, 10, 0
-9, 10, -13
-3, 18, 0
-19, 16, 10
-10, 7, 7
-12, 11, 5
-23, 2, -17
-27, 13, -18
-20, -1, -33
11, -19, -14
-14, -9, 44
19, -12, -6
27, -9, -17
0, 11, -12
5, -6, -36
22, 11, -4
-9, 7, 16
-3, 4, 14
5, 4, 25
0, -6, -1
-17, -231, -2
-11, -51, -9
0, -15, -11
-15, 6, -18
0, 6, -1
-9, 6, -7
1, 6, -18
10, 21, 5
8, 7, 6
10, -1, -2
8, 0, 0
11, -4, -5
10, -7, -5
4, -7, -19
2, -12, 4
-9, -7, -4
-17, -17, 4
-10, -4, -4
-6, 2, -1
-22, 0, -13
-4, 5, 0
-1, 16, 2
-10, 22, 0
10, 10, 3
-11, 10, -8
3, 0, 12
0, 0, 7
16, -11, -30
13, -14, 4
14, -10, 3
14, -29, 9
23, -17, 5
1, -11, 7
-6, -11, -7
2, -8, 4
-4, 1, -24
-1, 22, -13
-20, 37, -67
-15, 5, -25
8, 8, 8
-3, 12, -1
-4, -28, -12
13, -14, -21
-11, -15, -15
21, -24, -3
10, -24, 27
0, -8, 34
3, 0, 21
7, -3, -9
17, 3, 6
-6, -6, -8
13, -5, -7
-6, -6, -5
0, -5, -12
2, 7, -7
1, 13, -6
-11, 15, -15
-5, 1, 2
-3, 7, 3
-5, -2, 0
3, -15, -16
16, -6, -26
11, -10, 4
25, -11, 5
2, 1, 9
0, -3, 3
3, 1, 7
1, 1, -13
-8, 24, -22
-17, 15, -8
-6, 7, -25
-10, -1, 2
-9, -1, -7
11, -2, 13
11, -11, 1
2, -10, 6
23, -6, 0
-1, -11, -10
12, -7, -19
12, 7, 2
3, 8, 1
12, 4, -5
5, -9, 20
8, -9, -6
6, -4, -12
-13, 4, -18
-7, 15, -7
-5, 6, 1
-14, 10, -1
-8, 10, 0
0, 1, -1
20, 4, 4
-4, 9, -7
20, -2, -2
21, -7, -13
9, -12, 17
10, -7, -3
11, 4, 0
-10, -5, -10
8, 4, -14
-11, -2, -1
-8, 4, -13
7, 8, -9
10, -3, 8
8, -17, -4
-3, -6, -3
-12, -21, -7
-13, -3, 7
-5, -1, -15
3, 7, -16
5, 4, 0
15, 14, 13
17, 3, 5
21, 11, -2
12, 5, -11
7, 12, -6
-4, 3, 1
-10, 0, 22
-23, -10, 18
-14, -12, -11
-9, -23, -54
-3, -23, -35
26, -37, -17
17, -23, 19
21, -28, 11
14, 9, -6
-2, 28, -10
17, 24, -9
-6, 31, 6
-5, 31, -9
-4, 26, -11
5, 25, 11
-7, 1, -3
0, -4, -12
12, -15, -6
3, -22, -3
-6, -36, -6
9, -34, 5
-7, -34, -10
5, -37, -16
12, -18, -23
12, -7, -11
17, 9, -8
14, 14, -11
29, 23, -1
4, 23, 18
4, 19, -3
3, 19, 18
0, 14, 5
-16, -6, -4
-29, -17, -21
-15, -26, 3
-20, -4, 4
-16, -13, -18
-7, -12, -13
-11, 1, -2
-3, -12, -11
14, -1, -5
18, 17, -6
27, 8, 3
22, 8, 12
0, 18, 2
4, 9, -7
6, -10, -1
0, -3, -1
14, -15, 1
-12, -11, -10
-13, -14, -17
-16, -20, 0
-1, -12, -1
-16, -6, -9
-3, -2, -7
0, 13, 2
0, 7, -2
10, 3, -3
19, -1, 5
23, 10, 4
11, 6, -2
11, 4, -13
2, 1, -8
10, -7, 6
28, -17, 4
7, -25, -1
16, -26, 3
23, -17, -10
13, -19, -5
7, -5, -20
-3, -4, -12
-8, 4, -7
-12, 6, 6
-24, 17, 0
-9, 23, 7
-22, 26, 9
-9, 25, -7
14, 7, -1
10, 8, -8
21, -9, 12
31, -20, 10
39, -18, 0
32, -20, 5
24, -25, 6
8, -25, 1
-19, -25, -5
1, -1, 4
-25, 10, -5
-18, 10, 0
-9, 9, 2
-18, 18, -8
-5, 26, -4
-3, 21, 30
9, 4, 3
34, 4, -18
36, 6, 4
25, -20, -12
24, -35, -20
5, -20, -19
17, -24, -3
4, -15, 4
-11, -10, 2
-2, 1, -10
-4, 15, 1
-15, 14, -5
-11, 5, -4
9, 22, -13
10, 20, 0
4, 20, 15
6, 2, 15
-11, 2, -2
0, -5, -11
-5, -11, -8
2, -10, -5
6, -17, 4
0, -20, 0
9, -26, -1
4, -20, 3
10, -10, -4
7, -5, -20
0, 0, 5
9, 8, -39
6, 1, -12
-1, -7, -12
1, 9, 5
15, 17, 5
-6, 3, -12
1, 4, -13
11, 3, 6
12, 0, 0
3, -7, 4
12, -12, -5
-5, -8, -1
-5, -8, 0
-10, -18, -6
3, -2, 7
-5, -2, -10
-17, 14, -5
2, 7, -23
4, 12, 9
13, 0, 18
24, -1, 0
13, -1, -1
30, -6, -10
15, -18, 1
18, -14, 14
15, -22, 4
-10, -31, -4
-6, -13, 4
-16, -9, -9
-22, 9, -22
-17, 8, -12
-10, 17, 1
7, 5, 6
-6, 11, -3
-6, 20, -5
-15, 29, -8
1, 15, 4
1, 4, 6
-1, -9, -13
0, -22, -7
9, -32, 7
15, -22, 8
21, -13, 6
30, -17, -10
27, -12, -5
15, -9, 9
-2, -6, -2
-4, 9, 5
-16, 10, -2
-24, 25, -2
-15, 35, -23
-10, 19, -11
-13, 19, 3
-5, -6, 2
0, -9, 0
6, -10, -3
9, -15, -2
6, -18, 10
4, -6, 6
7, 3, -10
14, 5, -5
9, 0, -10
0, 4, -15
8, -2, 7
3, -1, 1
-4, 13, 9
-8, 26, 5
-17, 8, -13
-34, 21, 12
-30, 8, -7
-34, 9, -38
-16, -6, -29
-7, -12, 23
3, -17, 12
24, -30, 18
43, -28, 12
40, -34, -26
34, -17, -39
28, -23, 8
41, -13, -10
22, -1, 7
13, 1, 18
-6, 29, 6
-17, 23, 0
-10, 35, 3
-17, 13, -10
-37, 4, -8
-28, 0, -4
-19, -12, 1
-10, -8, 14
-7, -8, -6
12, -20, -1
26, -16, -9
25, -1, 2
30, -1, 5
29, 5, 3
16, -6, 7
19, 7, 0
2, 2, -10
-5, 1, -6
-3, -14, -8
-3, -11, -10
-7, -9, -14
-11, -7, -5
-2, -7, 4
-10, 7, 0
-20, 3, -5
-28, 12, -9
-10, 13, 12
0, 19, 12
12, 17, -10
12, 12, -4
28, -2, -5
28, -7, 10
20, -16, 7
35, -5, -21
12, -25, -45
5, -34, 88
6, -7, -47
-4, -25, 27
-7, -7, -11
6, 3, -3
-7, 17, -12
-7, 26, -23
1, 26, 29
-7, 13, 1
-4, 11, -8
-4, 10, -1
-2, 6, 17
1, 18, 5
-8, -13, 26
17, -2, -44
19, 3, 19
16, -21, -17
14, -15, -59
3, -21, -22
4, -27, 18
10, -30, -14
11, 3, 4
-10, -9, -4
4, 13, 4
0, 13, -18
0, 20, -161
0, 40, -114
-9, 6, 64
12, 0, 13
-17, 4, 7
13, 1, -21
8, -3, -86
11, -7, -66
15, -9, -7
9, -16, 34
26, -8, 24
19, -5, 26
4, -5, 22
-4, 10, 8
-18, 5, 22
-5, 8, -9
-23, 14, -20
-15, 22, -15
-11, 13, 26
-13, 10, 22
1, 4, 1
5, -4, 3
12, -3, -14
19, -2, -21
20, 0, -17
17, -5, 9
5, -6, 8
6, -5, -9
2, 3, 7
2, 11, 0
-7, 8, 0
-20, 17, 15
2, 12, 9
-1, 3, -8
7, -5, -4
-2, 5, -7
6, -9, 1
-1, -2, 13
-9, 14, -14
5, -10, -3
-2, -14, 8
-1, -5, -23
9, -8, -24
17, -11, -16
12, -9, -1
15, -4, 5
10, -3, 8
10, 3, 17
0, 5, 0
-2, 5, 2
-10, 4, 2
-11, -14, -5
-8, 7, 12
-4, 2, 24
-3, 4, -11
-12, 4, -12
16, 4, 2
28, 9, 8
7, 2, 14
9, -7, -2
15, -27, -2
1, -13, -10
1, -7, -10
-7, -7, -4
11, -11, -14
1, 1, -4
1, 1, -10
17, 13, 7
5, 5, 3
4, 4, -16
10, -4, -31
7, -8, 29
11, -5, -24
16, -5, 11
-1, 4, 5
-2, -4, 1
-6, 2, -14
-15, -12, 0
-14, 0, 165
-2, -2, -20
6, -7, -15
-8, -15, -45
13, -20, -74
0, -5, -53
-4, 0, 24
14, -12, -2
8, 0, -8
12, 6, 18
13, 5, -10
26, -4, -3
29, 9, 0
20, -15, 6
3, -20, -11
11, -10, 3
8, -7, -5
-5, -6, -23
0, 17, -20
7, -1, 11
9, -2, 2
9, 1, -7
-1, -6, -9
-5, -3, -3
13, -14, -4
0, -3, 0
19, 8, 4
0, 8, -4
1, 10, -6
-16, 4, -3
1, 13, 5
8, 2, -11
5, 1, -7
24, 10, 0
24, -7, -8
31, -3, -9
17, -8, 1
-9, -13, -4
6, -5, 2
-18, -27, 118
-25, 2, 266
-15, -12, 244
3, 5, 19
3, 12, -77
10, 4, 30
-19, 10, -3
23, 1, -9
14, -10, 136
21, -11, 204
37, -27, -220
23, -39, -70
39, -4, -34
16, -1, -4
-3, -18, 48
7, -21, -8
-1, -18, -46
-1, -17, -46
-4, -8, -71
-5, -5, 40
-3, 4, 40
8, 6, 65
5, 19, 75
7, 8, -51
17, 17, -15
