=~=~=~=~=~=~=~=~=~=~=~= PuTTY log 2022.03.24 16:34:51 =~=~=~=~=~=~=~=~=~=~=~=
Smoothing factor 0.30
X, Y, Z
166, 26, 11646
123, 9, 8197
117, 44, 5711
86, 28, 3984
103, 16, 2746
103, 25, 1930
106, -7, 1286
159, -60, 908
143, -57, 623
188, -5, 430
152, -14, 224
128, -4, 167
85, -12, 23
89, -29, 59
75, -63, -33
68, -42, -72
70, -38, -78
50, -29, -101
39, -45, -195
50, -36, -156
44, -4, -167
50, 11, -71
53, -80, -65
53, -27, -64
50, -22, -100
42, -14, -6
55, -21, -15
130, -21, -73
103, -40, -49
94, -55, -55
75, -55, -102
76, -40, -75
39, -36, -49
41, -25, 12
122, -16, 9
104, -9, -39
91, -46, -11
50, 5, 10
59, -3, -77
47, 24, -55
4, -24, -9
6, -26, 45
12, -33, 82
2, -34, 48
10, -105, 10
17, -89, 79
15, -60, 117
98, -46, 21
69, -30, -40
59, -14, 2
57, -18, -31
50, -6, -40
41, -1, 32
5, 42, 8
11, 19, 3
6, 27, -60
11, 21, -60
18, 19, -81
100, 57, -36
83, 28, -36
72, 6, -115
71, -13, -65
65, -10, -33
67, 29, 54
60, -9, 42
62, -13, -37
51, -6, 26
53, -7, -80
131, -35, -89
128, -32, -44
93, -43, -40
68, -20, -77
57, -102, -19
26, -64, -82
19, -133, -118
34, -138, -53
39, -176, 9
35, -146, -36
41, -98, -74
-26, -68, -80
10, -58, -77
18, -51, -1
50, -59, -100
42, -47, -63
64, -37, -19
66, -24, -12
28, 2, 25
16, 25, 58
14, 75, -32
-29, 30, -13
-4, 12, -17
7, -28, -169
23, -47, -119
32, -6, -75
43, 6, 13
40, -6, 14
121, -43, -2
126, -73, 38
105, -78, 46
106, -52, 30
88, -46, 56
78, -39, 113
75, -39, 99
69, -36, 14
70, -24, -44
65, -7, -16
55, -25, -18
54, -17, -42
127, -39, -109
106, -38, -75
77, -49, -99
69, -50, -153
59, -54, -70
78, -57, -125
83, -22, -169
86, 7, -151
75, -82, -105
77, -77, -55
75, -61, -52
75, -52, -58
69, -28, -91
59, -2, -137
43, -13, -158
31, -4, -175
18, 22, -115
27, 1, -21
31, -8, 4
2, -35, 3
24, -8, -21
40, -38, -64
55, 1, -68
47, -17, 25
44, -2, -9
25, 12, 32
22, -78, 41
29, -50, 77
44, -50, 25
115, -41, -50
104, -23, -26
84, 15, -68
35, -11, -73
32, -13, -85
-10, -39, -66
-1, -34, -104
60, -14, -136
64, -15, -134
59, -4, -41
18, -19, 31
32, -39, 11
101, -9, -14
76, -17, -50
149, -3, -7
147, -21, 2
111, -37, -37
98, -42, -77
75, -40, -92
58, -7, -144
43, -21, -118
118, -51, -52
95, -46, -23
74, -47, 30
75, -38, -15
54, -108, 67
80, -78, 97
70, -57, 114
141, -12, 69
126, -9, 46
106, 36, 68
66, 2, 53
63, -5, 16
63, 23, 49
92, 14, 29
78, 0, 26
1, -33, 40
45, -12, 64
49, -19, 4
43, -27, 27
60, -35, 3
50, -46, -32
68, -51, -33
63, -116, -67
34, -71, -29
45, -43, -57
38, -10, 11
56, -46, 12
59, -43, 10
5, -23, -2
22, -15, 18
24, 6, 39
-19, 15, 8
-10, 9, 47
11, 3, 17
-23, 21, -4
-11, -8, -3
16, 22, -87
22, 13, -89
21, -68, -34
14, -39, -79
10, -20, -85
14, -44, -25
30, -22, 93
29, -60, 50
50, -66, 76
57, -51, 63
-15, -42, 58
-2, -45, 88
14, -2, 29
38, -9, 77
37, -14, 84
54, -23, 99
51, 3, 98
48, 4, 54
48, 14, -7
29, -7, 28
36, -15, 15
-30, -33, -54
3, -35, -23
22, -43, 2
40, -77, -11
35, -67, 4
41, -52, -53
5, -88, -25
25, -77, -13
63, -68, -89
63, -60, -28
62, -52, 18
25, -4, -52
25, -5, -34
37, 40, 32
28, 13, -29
40, 7, -78
3, -6, -45
4, -3, -98
22, -28, -101
18, -11, -37
21, -92, -82
15, -72, -56
17, -63, -25
-40, -50, 56
0, -48, -16
-1, -46, 10
13, -25, -79
23, -33, -121
36, -19, -71
42, -26, -59
27, -59, -44
-6, -67, -38
8, -124, -23
21, -92, 46
25, -67, 59
30, -65, 68
1, -51, -7
4, -42, -28
-52, -31, -32
-6, -37, -53
9, -51, 42
87, -31, -11
82, -38, 62
70, -25, -52
52, -38, 5
52, -109, 29
67, -90, -5
64, -73, -19
52, -60, -20
41, -71, -43
49, -31, -73
43, -21, -118
39, -102, -202
67, -105, -199
56, -57, -124
97, -54, -194
85, -116, -83
86, -96, -25
69, -153, -38
78, -122, -59
63, -171, 9
131, -142, -6
93, -90, 9
70, -89, -97
79, -56, -18
73, 21, -84
58, 15, 9
38, 9, -30
46, 4, -62
52, -20, -45
17, -21, -30
29, -27, 32
12, -3, -36
24, -78, 17
24, -68, -21
44, -42, 36
56, -26, 43
59, -34, -22
52, -110, 2
49, -77, 36
38, -56, -40
115, -59, -16
104, -31, 8
85, -32, -49
106, -34, -127
89, -38, -179
47, -62, -122
44, -18, -143
41, 10, -56
36, 0, -74
31, -32, -60
49, -10, -14
42, -31, -88
44, -41, -26
50, -38, -28
42, -80, -49
57, -90, 99
66, -77, 120
37, -69, 58
39, -51, -40
75, -47, -23
72, -30, -1
57, -16, -86
55, -28, -63
51, -100, -73
92, -89, -142
71, -71, -82
35, -76, -117
48, 9, -27
130, -30, -71
115, -27, -141
98, -33, -153
74, -41, -67
49, 0, -48
48, 33, -30
49, 19, -4
48, 13, 44
42, -5, 31
41, -22, 0
45, -25, -20
61, -1, 9
65, 5, 30
63, 25, -35
64, 1, -14
46, -11, -5
45, 22, 89
34, -1, -23
38, 37, -47
50, -23, -90
54, -18, -18
49, -30, 1
65, -46, -68
53, -32, -160
50, -50, -169
56, -114, -208
37, -97, -207
40, -141, -113
16, -122, -133
25, -49, -77
59, -48, -156
53, -37, -146
23, 13, -106
49, -71, -24
48, -81, -78
45, -51, -36
34, -42, -18
15, -43, 33
34, 12, 11
14, 21, -30
33, 0, -106
43, 0, -104
20, 12, -56
22, 0, -43
19, -50, -54
34, -38, -46
35, -6, 6
101, 6, -32
83, 13, -19
150, 15, 11
129, 13, 116
36, 14, 79
83, -1, 59
80, 8, 31
4, 26, -91
-5, 0, -67
3, -79, -21
87, -49, 52
57, -20, 157
57, -18, 206
78, -20, 160
64, -26, 38
68, -18, -3
66, -22, -15
65, -71, -83
40, -70, -83
35, -58, -79
96, -43, -108
72, -37, -127
37, -41, -21
52, -20, -40
-16, -37, 45
-16, -27, 66
2, -57, -34
59, -35, -46
59, -25, 45
130, 5, 71
130, -21, 97
108, -20, 95
72, -10, 89
69, -9, 7
63, -21, 49
44, -32, 11
32, -25, 28
48, -54, 3
45, -38, -110
121, 2, -147
90, -3, -59
77, -45, -15
69, -22, 1
59, -21, -58
132, -10, 10
98, -28, 46
82, -54, 98
36, -21, 101
44, -105, 93
74, -81, 81
54, -63, 83
129, -57, 76
106, -53, 3
95, -68, -8
79, -47, 57
74, -37, 94
68, -6, 111
43, -18, 83
49, -17, 99
50, -60, 63
54, -59, 1
53, -16, -8
-3, -19, 1
40, -7, -33
37, -10, -120
59, -39, -161
41, -51, -111
16, -39, -115
18, -59, -119
0, -93, -64
23, -71, -81
50, -43, -114
53, -32, -152
65, -49, -115
71, -30, -125
60, -26, -137
69, -37, -101
142, -86, -70
101, -68, -125
162, -41, -36
118, -53, -30
104, -40, -79
97, -23, -93
12, -21, -29
0, -28, 28
18, -33, -29
11, -25, -19
21, -34, -25
30, -41, -110
40, -44, -61
39, -13, -64
84, -2, -51
79, -81, -63
40, -57, 12
33, -40, 26
120, -53, -44
116, -77, -32
94, -49, -66
107, -24, -42
92, -57, -96
17, -55, -56
25, -42, 28
44, -37, 66
46, -35, -18
48, -58, -4
46, -70, -22
56, -47, 58
46, -13, 47
57, 7, 64
44, 2, -53
25, 23, 21
20, 3, -33
23, -15, -101
59, -10, -41
62, -13, -125
45, 18, -106
42, 12, -133
25, 21, -141
39, -1, -90
39, 8, -9
61, 17, -21
54, 1, 0
49, -32, -38
23, -35, -90
25, -33, -35
-2, -24, -75
1, -32, -3
24, -33, -44
89, -22, -78
70, -22, -52
139, -38, -86
112, -38, -153
54, -28, -183
41, -15, -189
16, 26, -126
38, 7, -121
38, -43, -109
58, 3, -51
50, -15, -57
57, -41, -56
53, -48, -86
56, -23, -119
68, -11, -133
55, -11, -159
40, -10, -101
115, 0, -31
104, -31, -93
88, -49, 23
116, -49, -96
102, -117, -36
107, -54, 10
88, -38, -116
49, 10, -66
46, -8, -79
39, 13, -61
41, 12, -68
27, 9, -59
25, 2, -68
28, -21, 2
29, -105, -44
27, -66, -10
24, -126, -4
17, -95, 59
22, -71, 2
32, -34, -68
70, -19, -49
69, -24, -38
123, -12, -51
103, -22, -12
115, -17, 57
92, -31, 93
160, -22, 144
140, -24, 139
191, -37, 93
162, -36, 118
132, -42, 58
94, -45, 81
72, -29, -12
107, -21, -10
93, 24, -106
82, 31, -25
79, -65, -105
47, -43, -41
51, -26, 5
129, -74, -17
114, -88, -8
98, -41, -55
114, -6, -40
102, 54, 47
79, 32, 65
71, -14, 35
54, -37, 41
0, -34, 35
5, -28, 27
39, -21, 129
67, -13, 103
64, -6, 67
64, -6, 116
48, -10, 98
48, -40, 83
22, -52, 31
33, -37, 17
68, -28, 48
61, -25, -14
131, -23, 28
108, -16, 0
94, -36, -114
49, -34, -127
48, -14, -40
33, -25, -9
38, -27, -68
42, -16, -14
35, -4, -8
54, -43, -47
14, -6, -56
29, -6, -95
36, -32, -104
66, 3, -37
62, 12, -49
14, 16, -73
14, 3, -41
33, 13, -82
25, 16, -3
34, 6, 5
112, 11, 7
129, -3, 24
104, -85, -31
77, -31, -52
71, -40, -77
134, -31, -80
117, -43, -81
30, -29, -50
51, 0, -38
55, -15, -64
58, -12, -54
52, -24, -5
39, -33, 20
75, -58, 33
77, -126, -15
38, -45, 15
22, -27, -45
-18, -13, -21
6, -23, -25
14, -25, -79
37, -45, -45
31, -21, -48
9, -36, -62
21, -42, -13
28, 0, -58
57, 18, -55
55, 10, -28
122, -27, 20
114, -35, 68
96, -5, 8
37, -27, -44
46, -17, -75
40, -9, -112
55, 26, -61
53, -33, -81
40, 20, -33
34, 8, 26
41, -23, 19
55, 7, -12
50, -3, 56
113, -25, -38
96, -43, -56
163, -54, -68
147, -59, -121
119, -87, -56
113, -61, 76
97, -57, 64
66, -21, 88
57, -17, 76
78, -22, 32
85, -35, 4
67, -23, 15
28, -33, 25
35, -33, 54
113, -18, 19
108, -21, -2
90, -34, -20
85, -46, -63
79, -118, -42
19, -88, -31
33, -73, -75
113, -84, -100
94, -60, -98
80, -26, -152
74, -30, -145
60, -45, -138
70, 8, -62
59, 3, -71
26, -29, -89
48, -37, -94
45, -48, -96
73, -71, -24
70, -137, -40
84, -122, -90
74, -166, -142
67, -99, -98
57, -84, -29
52, -99, -89
31, -62, -18
116, -40, 20
113, -50, -54
162, -31, -27
95, -19, -40
81, -24, -38
75, -75, -62
65, -140, -27
41, -94, -69
26, -68, -19
-34, -87, -47
7, -79, 4
10, -63, -20
31, -81, -73
56, -48, -93
131, -54, -90
113, -30, -109
176, -20, -29
149, 9, 13
112, -21, 15
102, -26, 33
92, -21, 9
160, -35, -2
95, -70, 49
80, -98, 61
48, -55, 64
47, 24, 45
51, 23, -42
23, 35, 15
40, 20, 64
29, 17, 87
34, -10, 27
40, -26, -11
46, -28, -10
39, -97, 8
34, -65, 60
52, -29, -4
55, 8, -18
52, -45, 21
49, -37, 39
119, -17, 37
88, -28, 55
71, 14, 84
83, 24, 44
68, 2, 10
56, -22, -91
69, -26, -98
68, -18, -78
72, -46, -114
75, -37, -129
49, 17, -96
58, -7, -75
63, 6, -85
21, -2, -47
41, -14, -61
27, -17, -138
34, 0, -57
45, -3, -112
27, 2, -51
40, -27, -44
40, -5, -72
52, -9, -99
63, -10, -128
89, 0, -58
56, -7, -87
55, -48, -37
50, -38, -47
69, -33, -73
45, -38, 33
38, -30, 0
50, -27, -69
49, -5, 10
64, -8, 82
-9, -17, 0
10, -38, 36
28, -26, 17
39, -46, -10
30, -34, 23
28, 5, 130
50, -39, 12
56, -43, 45
-14, -23, 12
0, -38, 51
20, -113, -33
52, -95, -130
54, -71, -124
66, -59, -76
60, -125, 24
42, -89, -10
54, -84, -100
42, -107, -110
61, -81, -39
-10, -63, 12
38, -73, -36
36, -79, -20
66, -66, 3
66, -45, -24
-5, -44, 37
19, -40, 57
19, -42, -44
18, -21, 107
26, -20, 59
32, -22, 32
50, 0, 63
50, -87, -15
53, -26, 40
37, -15, -114
112, 12, -67
92, -5, -95
75, -3, -110
120, -10, -53
105, -92, -131
94, -126, -58
93, -104, -10
99, -103, -16
83, -69, -61
103, -72, -47
92, -64, -61
148, -54, -166
120, -45, -135
98, -87, -121
86, -70, -81
68, -88, -27
92, -93, 16
73, -52, -26
59, -29, -20
57, -31, -22
136, -29, 41
102, -38, 78
86, 9, 23
47, 19, -11
36, 5, -4
43, -4, -56
68, -24, -26
57, -26, -10
85, -2, -85
69, -17, -71
65, -15, -121
73, -38, -114
65, -72, 10
57, -66, 14
55, -59, -71
105, -40, 21
84, -50, 18
142, -4, 62
137, -35, 84
103, -51, 23
74, -35, 44
73, -107, 80
68, -82, 38
49, -68, 3
60, -57, -59
66, -49, -105
50, -43, -108
38, -44, -52
46, -38, -53
-6, -49, -36
-2, -53, 9
18, -35, 9
13, -43, 69
42, -21, 26
49, 19, 63
59, 35, 116
49, 13, 73
55, 43, 140
35, 46, 57
40, 44, 43
49, 11, -5
49, 2, 3
119, -1, 14
70, -40, 36
60, -34, 23
57, -50, 38
77, -62, 58
69, -28, -12
68, -31, 8
55, -23, 43
53, -22, -12
56, -46, -41
54, -50, -38
97, -17, -21
90, -13, -12
68, -18, 66
47, -14, -5
52, 32, -25
28, 3, -57
42, -84, -27
67, -28, 24
69, -33, -16
136, -60, -6
130, -70, -91
103, -34, -32
58, -26, -67
62, -21, -49
113, -7, -67
101, -9, -18
160, -23, 5
108, 6, 2
89, 2, 40
41, -3, 55
69, -25, -32
60, -3, -72
115, 8, -82
86, -8, -103
79, -2, -109
69, -8, -133
60, 9, -172
83, 14, -145
69, -76, -76
64, -91, -119
70, -80, -88
133, -42, 0
83, -41, 40
80, -111, 47
66, -93, 66
69, -60, 48
136, -53, 22
90, -45, -11
82, -2, -45
66, 5, -1
68, 0, -71
57, -15, 3
61, -81, -23
45, -57, -17
72, -58, -33
77, -65, -110
73, -83, -173
70, -69, -151
137, -16, -116
129, -14, -194
52, -13, -121
58, -16, -39
127, 12, 20
113, -21, -57
94, 4, -76
51, -23, -67
53, -14, -75
30, 29, -49
17, 13, -66
25, 1, -72
47, 19, -54
49, 10, 0
45, 34, -12
12, 10, -48
20, -1, 36
19, -6, 20
42, 21, -7
45, 6, 48
52, 12, 43
27, 25, 79
31, 18, -5
22, 13, -53
38, -15, -80
27, 8, 19
38, -33, -15
45, -26, -12
68, -31, -46
68, -33, -52
129, -45, -73
122, -50, -40
89, -44, -87
99, -39, -107
83, -101, -71
80, -79, -147
72, 5, -174
75, 4, -77
63, 7, -29
63, -23, -111
109, -12, -86
99, 0, -83
60, -3, -7
75, 15, 0
78, 6, -66
76, 50, -38
61, 36, -83
52, 26, -145
93, 16, -82
83, -74, -130
31, -43, -120
34, -106, -61
42, -68, -58
35, -60, -106
10, -65, -105
20, -41, -132
0, -2, -71
-7, -8, -109
9, -95, -140
61, -81, -124
54, 4, -51
45, 22, -10
59, 21, -8
47, -73, -2
19, -85, -17
12, -72, -88
-42, -31, -104
-36, -43, -83
70, -55, -115
69, -46, -69
66, -25, -95
80, -62, -47
62, -47, 2
49, -68, -135
69, -51, -40
57, -74, -129
39, -68, -111
56, -64, -139
63, -52, -150
58, -43, -185
60, -59, -105
62, -38, -75
52, -44, 16
44, -46, -46
41, -71, -48
64, -81, -56
63, -64, -97
81, -45, -53
84, -35, -55
74, -44, -63
51, -41, -77
59, -62, -97
56, -27, -62
50, -103, -90
45, -78, -81
63, -50, -114
9, -20, -96
27, -42, -71
27, -18, -47
Smoothing factor 0.60
X, Y, Z
54, -10, -107
14, 29, -32
41, 134, 89
99, 19, 7
-1, 23, -34
42, -149, -315
37, -49, -187
40, 101, -107
125, 17, -252
51, -49, -309
-27, -51, -223
18, -73, -215
15, -41, -219
58, -28, 9
80, 65, -39
42, 38, 23
46, -106, 81
5, -80, -14
33, -193, -86
60, -189, -90
87, -240, -6
52, -100, 99
22, -20, 84
-93, -84, -18
-93, -68, -43
15, -34, -189
27, -48, -184
50, -26, -75
-38, -60, -26
-12, -45, 28
17, -27, -15
15, -29, 66
26, -70, -41
42, 0, -4
36, -22, -10
23, -20, 112
52, -77, -97
47, -58, -81
65, -84, 1
56, -18, -136
56, -65, -111
-4, -30, -46
20, 63, -80
-35, -69, -25
10, -40, -200
47, -124, -76
57, -208, -120
63, -195, -108
72, -97, 44
41, -5, -58
49, -31, -49
173, -101, -247
68, -43, -131
68, 6, -222
53, 15, -73
37, -6, -32
27, -48, -33
26, -42, -2
188, -94, -143
104, -52, -191
72, -41, -70
77, 31, 78
55, -18, 81
154, 6, -27
75, 10, -110
57, -37, -72
30, -46, 75
55, 10, 189
41, 42, 144
62, 10, 34
78, -44, -54
25, -6, -26
46, 22, -162
4, 20, -19
49, -22, -136
34, 49, 131
74, 0, -175
193, -4, -202
57, 0, 16
61, -13, -49
66, -70, -167
66, -30, -68
221, -86, 50
70, -91, 107
84, -51, 144
5, -48, 13
24, -18, -20
-5, 15, 23
17, -36, -62
48, -87, -93
13, 44, -12
54, 5, 147
24, -58, 148
58, -37, -100
64, -63, 0
73, -20, -32
91, -40, 16
149, -31, -122
96, -28, -68
87, -40, -56
45, -47, 41
53, -13, 3
55, 54, 275
50, 2, 178
54, -17, -65
-3, -22, 80
40, -17, -142
49, -1, -46
61, -17, -141
12, 31, -99
25, -8, -70
47, 22, -81
-29, -50, -55
45, -182, -131
-68, -111, -49
5, -223, -105
-8, -149, -204
37, -234, -143
97, -156, -31
49, -236, -169
122, -137, -286
85, -133, -84
-16, -98, -69
12, -207, 77
78, -161, 54
60, -76, 26
47, 43, -94
83, 55, 13
39, -31, 52
91, 12, -35
85, -30, -63
51, -34, 100
5, -62, 9
35, 98, -53
72, 30, -147
61, 10, -26
47, -68, -140
89, 28, 5
74, -135, -280
136, -88, -352
79, -89, -195
124, -15, -57
98, -24, 48
195, 0, -82
101, -16, -38
101, -60, -57
82, -74, -180
62, -16, -18
47, -31, 94
60, -11, 224
-11, -50, 23
35, -43, -45
29, -48, 78
65, -20, -34
68, -95, -68
21, 27, -169
42, -154, -201
76, -94, -86
58, -54, -14
113, -14, -40
64, 118, 3
217, 3, 9
174, -32, 83
110, -7, -100
51, 63, -5
68, 2, 41
204, 11, -140
112, 29, 2
78, -56, 6
5, -29, 102
9, -1, 25
34, -8, 10
9, -45, -102
16, -29, -126
56, -109, -92
59, -56, -34
59, -12, -48
114, 14, 46
88, -15, -38
77, 44, 115
33, 25, 42
47, 59, 229
57, -4, 44
40, 6, -170
3, 29, 1
0, 15, -104
172, -33, -185
124, -37, -80
71, -30, 86
-4, -70, -12
-1, -53, 58
-41, -63, 38
-9, -25, -79
13, 3, 53
-80, -25, 41
1, -29, -20
53, 49, -36
51, 28, 2
66, -12, -10
54, 64, 131
56, -2, -19
32, -53, 171
123, -89, 148
76, 16, -105
18, -33, -93
18, -188, -6
15, -100, -76
24, -43, -5
37, -25, -66
53, 26, 22
42, 53, 23
8, -1, -81
62, -12, -195
39, -109, -65
78, -31, 41
43, 12, 4
69, -13, -28
54, 26, -85
38, 82, -238
52, 41, 15
32, -134, -26
47, -142, -137
41, -41, -38
6, 26, -62
21, -10, -69
62, 22, -84
35, 49, -150
68, 3, -129
98, -70, -7
43, -19, -59
201, 5, 22
144, 42, -47
92, 20, -77
-4, 33, -97
10, -19, -158
15, -89, -105
16, -58, -17
33, -102, 115
74, -82, 136
198, -34, 112
159, 66, 101
246, -7, -1
112, -38, -83
103, 106, -154
46, 101, -199
58, 50, -136
-29, -41, -76
3, -11, -12
67, 64, 115
85, 5, 10
53, 21, 158
75, -33, -49
49, -20, 53
67, 53, 200
41, 33, -47
45, 69, -101
64, 74, -143
53, 13, 4
-10, -23, -86
17, -57, -155
186, -15, -15
63, -5, -39
30, -71, 7
-54, -10, -17
-13, -15, -34
17, -91, -108
33, -53, -184
-121, -94, -264
-10, -214, 0
-82, -88, 88
-21, -57, 109
9, -7, -116
25, -3, -108
49, -12, 7
191, -45, -12
82, 4, -13
67, -33, 141
-19, -52, 16
44, 102, 2
57, 120, 15
59, 36, -37
78, -21, -28
-19, -100, -14
34, -37, -112
-27, -61, -125
25, -79, -54
2, -10, -88
68, -18, -130
63, -40, -29
73, -44, -92
-73, 17, -74
-70, -59, -65
-9, -35, -5
-62, 11, -32
-14, -23, 9
23, 2, -131
111, 17, -58
88, -153, 66
42, -68, -25
48, -5, -217
184, 1, -38
22, -45, -47
35, 10, 8
36, -94, 56
43, -29, 72
75, -23, -6
14, 65, -66
53, 144, -135
-51, 1, -43
-1, -56, -25
23, -64, 116
78, -10, 86
56, 0, -25
35, -9, -90
51, 0, 34
55, -18, -21
-52, -27, -28
28, -3, 63
194, 61, 31
56, 64, 13
56, -11, 92
13, -25, 42
48, -12, -152
105, -26, -170
74, -12, -59
-76, 10, -22
11, -22, -257
42, 38, -207
84, -26, -153
41, -58, -69
69, -64, 21
65, -38, -10
19, -23, 66
82, 7, -78
50, -58, -22
47, -58, -238
71, -53, 1
80, 44, 167
54, 20, 112
50, -48, 0
55, 9, 130
32, -8, 47
-86, -97, -230
-2, -17, -52
13, -15, 119
-6, -46, 62
28, -16, -37
-21, -72, -62
40, -6, -90
53, -80, -44
26, -17, -19
45, -32, -59
81, -32, -102
55, -42, -71
30, 21, -157
10, -22, -187
-99, -55, -15
-55, -5, 91
17, -164, -240
69, -77, -209
46, -48, -182
-6, 51, -129
3, -125, -36
-105, -64, -13
5, -68, -83
31, 26, 29
46, 41, 70
69, -2, -2
72, -16, 73
104, -13, 15
83, -31, -177
-17, -65, -118
37, -41, 20
131, -15, -34
107, -6, -100
108, -24, -133
76, -189, -122
12, -28, -115
18, -38, 26
70, -82, 8
104, -40, -166
204, 2, 32
175, -1, 65
92, -175, 69
28, -19, -33
32, -6, -33
41, -19, -267
23, -14, -221
-100, -98, -197
3, -67, -319
162, -87, -184
50, -72, -241
203, 15, -73
158, -34, -167
82, -20, 35
17, 34, -17
36, 3, -5
65, 14, 25
89, -40, 2
49, -17, -74
23, 11, 173
35, -13, 68
-91, 16, -130
-43, -50, -30
-128, -56, -49
4, -19, 72
65, -5, 32
36, -29, -97
51, -52, -45
43, -7, -132
111, -15, 22
60, -185, -87
87, -97, -19
54, -65, 31
-78, -25, 73
-27, -65, -5
-19, -27, -67
15, 19, -9
52, 15, 138
-89, 25, 99
-8, -38, 114
21, -30, 154
115, -11, 89
92, -30, -95
42, 35, -94
60, 8, -130
47, -46, 35
39, 7, 118
49, -164, 108
72, -126, -126
65, -14, -44
-36, -12, -59
10, -165, -22
81, -65, 147
67, -48, 30
194, -20, 63
78, -38, -166
-79, -65, -250
0, -29, 0
36, -183, -78
124, -172, -170
70, -118, -163
113, -53, -4
101, -194, 0
97, -139, -21
86, -82, -64
58, -27, 59
5, -36, 83
31, 61, 51
-38, -27, 2
27, -51, -164
187, -1, -246
119, -3, -226
83, -12, -257
27, -39, -4
63, 49, -166
120, -11, -240
76, 70, -143
39, 88, -27
76, 7, 4
46, 119, -122
-20, 30, 53
38, -166, -103
-47, -146, -37
-8, 5, -227
93, -46, -152
78, -16, -134
34, -31, -141
31, -182, -4
-38, -15, -28
58, -51, -82
49, 27, -31
-36, -78, 3
22, -25, -31
31, 78, -119
27, 19, -111
195, 13, 4
98, 32, -88
69, -1, -145
55, 8, -100
57, -34, -40
82, -65, -187
50, -77, -155
77, -97, -171
86, 28, -5
82, 3, 17
121, -15, -122
102, -26, -54
79, 2, -59
74, -14, 3
40, -15, -146
37, -91, -204
38, -38, -63
33, -36, 110
76, -46, 25
70, -67, -72
77, -68, -218
64, -86, -263
99, -49, -119
63, -137, -161
155, -69, -85
97, -23, 41
-48, -40, 48
36, -19, 70
52, -61, 149
54, -36, 113
201, 1, -80
40, -72, -18
58, -46, -138
14, 23, -78
47, -29, -129
51, -69, -188
31, -36, -16
6, -4, -115
7, 32, 77
29, 128, -25
9, 37, 29
-4, -26, -47
15, -46, -63
-11, 35, -45
27, 10, -124
-8, -30, -108
0, 5, -51
30, -23, -106
79, -56, -190
53, 95, -65
68, -51, -130
74, -22, -20
222, 20, 88
165, -31, -106
-36, -54, 28
49, -73, -112
50, -116, -39
32, -91, -29
62, -196, -48
46, -173, -174
28, -94, -184
35, -99, -233
55, -55, -144
-47, -19, -124
8, -179, -77
94, -113, -112
80, -72, -107
49, -105, -192
33, -219, -147
50, -64, -79
58, -42, 26
188, -63, 12
71, -59, 116
41, -59, 126
123, -27, 96
44, -43, 14
106, -44, -73
76, -41, -42
108, -39, -97
88, -58, -32
62, -28, -151
74, -32, -253
60, -84, -28
99, -51, -6
58, -49, 46
43, -80, 163
23, -39, -44
-95, -115, -189
-6, -70, -99
-99, -110, -53
0, -33, 33
46, -11, -48
9, -11, 25
28, -19, -30
38, 44, 10
-17, -36, 23
52, -148, -54
-42, -113, -20
-13, -38, -14
-10, -68, -113
13, -179, -92
25, -70, 87
35, -70, -58
32, -97, -274
23, -64, -262
-91, -20, -74
-88, -20, -57
12, 108, 62
36, 76, 71
61, 12, 206
-42, 1, 97
-33, -33, 109
4, -53, 128
23, 15, 143
44, 127, 48
114, 21, 26
93, 10, 62
70, -38, -130
77, -24, -233
53, 26, -260
56, 32, 1
60, -132, -61
-22, -111, -95
24, -219, -150
-4, -159, -88
14, -79, -82
116, -44, -176
66, -26, -122
43, -23, -134
55, -11, -105
-50, -12, -43
-11, -6, -43
22, -14, -62
-10, 13, -158
12, -42, -86
113, -39, -254
65, -3, -153
51, -108, -109
39, -53, -160
-5, 62, -152
38, 19, -31
59, -8, -104
49, -29, -45
41, -48, 75
20, 13, 75
66, 0, -5
45, -4, 80
52, 53, -5
35, -34, 23
190, 16, 43
111, -21, 37
78, -55, 198
148, -41, 22
75, -44, -129
84, -69, -91
62, -38, -179
55, -12, 74
30, -10, 3
60, -53, -108
77, -119, -205
74, -72, -76
74, -23, -119
66, -33, -138
48, 28, -15
49, -146, 6
107, -102, 19
83, -41, -53
42, 12, -140
40, -19, -225
187, -67, -154
96, -12, -15
-69, -19, -62
37, -93, 15
44, -204, 5
76, -51, 132
71, -14, -45
56, -81, -82
38, -61, -60
38, 17, -11
-13, 73, -87
-3, 17, -74
-100, -65, 29
-17, -34, -128
182, 30, -65
117, 2, -127
66, 9, -179
48, -35, 8
54, -3, -157
64, -32, -76
76, 38, -41
64, 61, -122
-11, -34, -134
34, -54, -104
39, -4, -12
41, -146, 166
-47, -105, -45
4, -44, -158
-48, -15, -72
22, -22, -69
43, -148, 73
9, -34, 109
48, -36, 80
1, -20, 76
61, 13, 132
198, 5, 29
161, -9, 21
107, -178, 69
111, -61, 18
85, -42, -28
24, -92, -41
23, -23, -148
201, -9, 3
43, -13, -72
61, -13, -51
-52, -17, -24
-5, -20, -6
24, -50, 66
52, 40, -54
44, -1, -51
53, -63, -7
53, -58, 86
75, -52, 21
133, -46, -180
71, 30, -101
107, -38, -260
65, -17, -55
38, -117, -74
59, -223, 53
28, -108, 149
25, -52, 18
199, -22, 2
104, -45, -56
63, -36, -172
123, -87, -14
100, -100, -33
20, -57, 79
33, 96, -11
-43, -2, -37
2, -20, 45
-4, 47, -94
20, 8, 16
27, 3, -122
46, 30, -182
100, 87, -20
64, -3, -104
41, 60, -26
45, 148, 49
112, 76, 163
85, 8, 23
215, 10, 68
80, 35, 139
49, 83, -92
113, 92, -68
90, 156, -60
58, 53, -56
49, 4, -24
47, -30, 58
44, -2, -50
60, -11, -67
205, -42, -44
121, -20, 79
69, -2, 97
104, -41, -154
75, 79, 2
39, -57, -43
49, -50, 74
42, -51, -26
-35, -89, -14
16, -213, -26
-17, -27, -119
44, -36, -46
-43, -49, -22
11, -52, -56
191, -82, -43
72, -13, -88
59, -40, 78
0, -50, -43
28, -198, -31
142, -92, -72
77, -41, 31
64, -8, 68
0, -15, 114
32, -7, 0
45, -43, -94
34, -4, -127
46, -92, -138
125, -35, -1
82, -161, 46
0, -12, -17
24, -37, -75
47, 39, -43
45, 82, -125
39, 87, -1
69, -19, -133
46, -37, -20
52, -9, -127
47, -24, -44
45, 33, -130
39, 25, -113
31, 0, -68
-15, -106, -60
13, -36, -94
20, -88, -325
55, -73, -173
74, -94, -212
-2, -18, -13
53, -28, 89
142, 0, -32
95, 10, -102
63, -42, -82
39, -39, 65
34, -87, 22
-21, 25, -105
40, 5, -44
80, 68, -78
94, 0, -53
46, 3, 100
25, 18, 191
24, 22, 55
27, -47, 160
16, 25, 171
51, -133, 26
92, -23, -83
72, 115, 51
53, -1, -65
60, 3, 32
60, -15, -51
52, -7, 124
16, 0, 62
50, -16, 6
172, 0, -83
112, -36, -95
233, 14, -8
57, -50, 93
58, 38, -3
38, 45, -65
57, -36, 65
55, -48, 31
101, -53, -198
57, -5, -202
48, -68, -219
53, -183, -50
87, -91, -98
68, -62, -40
65, -53, -36
-8, 1, -13
34, -171, -40
2, -112, -127
21, -50, -7
42, -22, -101
51, -9, 23
46, 45, -188
109, -21, -317
96, -70, -265
33, -83, -111
37, 75, -67
147, 13, -100
96, -14, -91
73, -76, -158
57, -32, -141
201, -76, -180
128, -50, -13
114, -105, -23
120, -69, 58
-18, -43, -107
46, -22, -74
212, -55, 14
102, -40, 107
61, -85, -83
91, -54, -92
64, 102, 12
101, 63, -25
49, 0, -31
64, 30, -133
70, 35, -13
74, 40, -84
71, 51, -18
51, -7, -102
212, 30, -60
128, 5, 48
96, 38, 117
77, 71, 44
59, 12, -68
208, -58, -167
127, -50, -87
68, -32, 47
91, 58, 59
53, 23, 63
66, -43, 19
52, -21, -75
214, -57, -101
146, -64, 68
-52, -77, -38
-22, 19, -52
19, 11, -209
-11, 105, -66
19, 15, -114
139, 24, -102
83, -147, 28
10, -87, -102
38, -42, -131
16, 11, -152
36, 11, -115
199, -38, -77
94, -53, -58
74, -33, -58
5, -78, -3
30, -36, 40
46, 6, -59
113, -79, -260
60, -36, -7
87, -100, -257
58, 26, -248
51, 7, -232
90, 7, -185
-71, 13, -140
16, 22, -163
34, -86, -236
88, 16, -100
74, -40, 35
133, -53, -206
86, -32, -258
81, 30, 13
52, 15, 31
199, 4, 34
148, 48, 120
253, -27, -30
164, -57, -145
91, 54, -163
24, -12, 161
49, 13, 55
56, 30, 94
53, -4, -62
60, 18, -118
10, -42, -193
-101, -91, -338
-31, -54, -98
20, -46, -177
66, -50, -120
64, -21, 25
59, 28, -94
41, -143, -202
-2, -106, -209
16, -22, -85
-15, 51, -148
37, -1, -32
-93, 31, -43
-10, -20, 51
10, -47, 14
15, 29, 33
49, 1, 14
206, -76, -29
60, -69, -90
26, 28, -116
108, 4, 17
76, -174, -7
66, -133, 26
49, -105, 97
35, -13, -95
53, 35, -215
38, -25, -68
-43, -66, -8
15, -43, 111
45, -7, 174
26, -11, 54
50, 1, -92
40, -15, 64
49, -155, 55
50, 25, 15
12, -46, 112
-99, -17, 27
-66, 54, -103
13, -29, -103
59, -17, -148
79, -181, -91
120, -83, -266
88, -45, -253
101, -25, -115
64, -26, 151
167, -42, 27
104, -42, -17
3, 1, 109
42, -4, -56
206, 66, 0
51, -16, -105
85, 6, -98
39, 16, 98
48, -26, 0
67, -13, 130
-1, -61, -81
53, -39, 88
29, -100, -26
18, -54, -86
187, -36, 12
137, -2, 34
93, 9, 201
83, -114, 29
60, -189, -61
37, -107, 57
40, -42, -114
46, -20, -25
82, -43, -73
71, -8, -209
-6, -54, -168
32, -38, -126
-1, 23, -213
41, -11, -74
113, -9, -187
83, -45, -194
74, -10, -201
92, -29, -103
62, -47, 46
42, -51, -11
41, 103, -14
93, -63, 62
67, -70, -22
59, -16, 15
123, -36, 26
84, -34, -35
108, -48, -215
84, 2, -255
9, 41, -44
24, 4, 0
26, -49, -135
Smoothing factor 0.90
X, Y, Z
45, 148, 181
134, -12, 70
63, -242, -38
175, -63, -340
69, -8, -167
5, 100, 40
50, -8, -15
28, -62, -176
15, -33, 96
36, -68, 10
-52, 99, 82
40, -5, -83
-154, 21, -244
76, -69, -195
292, -91, -67
141, 0, -110
303, 7, 1
178, -32, -323
60, -100, -29
87, -18, -56
27, -33, 13
135, -78, -227
49, -33, -213
-4, -46, 181
14, -15, -164
39, 6, 13
91, 59, -69
63, -264, 127
159, -98, -316
67, -22, 221
68, -60, -146
45, -266, 30
-14, 69, 19
50, -250, -32
-11, 5, -159
15, -44, -1
288, -85, -154
44, -75, 9
73, 0, -209
209, 44, -200
96, -242, -57
233, 14, -98
77, -25, -33
293, -45, -8
92, -44, -215
51, -152, 73
51, -121, 152
4, 70, 103
34, 32, 184
88, -267, -122
77, 0, 153
50, -8, -190
49, -44, -267
78, -58, 139
76, 84, -21
0, 22, 164
73, 13, 39
34, 39, 117
26, 7, 163
-6, -139, -393
115, -90, -311
273, 6, 7
82, -52, -158
64, -266, -94
179, -35, -433
66, 58, -70
292, 40, -104
82, -257, -84
99, -143, 130
25, -18, 37
0, 74, 109
15, 24, 76
104, -41, -27
91, 60, -127
29, -21, 121
-36, 111, -115
24, 38, 91
-70, -54, -17
49, 13, -244
-4, 93, 29
77, -24, 111
27, -94, -86
37, 40, -22
39, -14, -36
82, -61, 0
114, 24, 103
-141, 37, 82
111, -115, 117
-152, -85, -95
32, -20, 71
83, 21, -59
-82, -31, 21
62, -45, 85
103, -64, -127
-15, 12, -141
66, -35, 120
3, -45, 175
70, 136, 29
23, 27, -109
91, -63, 1
266, -15, 94
16, 24, -219
256, -48, 55
119, -100, -212
59, -8, -307
94, 64, 48
34, 6, -59
65, 118, 133
56, -8, 188
47, -98, -325
8, -72, -124
82, 21, 89
68, -119, -198
36, -266, -140
-18, -62, -137
54, 43, 52
-17, 25, -217
53, -36, -13
104, -37, -94
40, -5, -115
287, -113, -50
98, -32, -154
-31, 99, -105
32, -37, -186
295, 15, -7
90, -57, 116
47, 76, -136
-23, -50, -52
40, -26, -97
203, -17, -177
99, -37, -2
176, 4, -161
49, 9, -166
34, 5, 42
151, -90, 69
83, -16, -219
43, -43, 169
45, -33, -86
32, 74, -65
64, -53, -16
97, -22, -194
49, 6, 39
12, -65, 120
281, -112, -396
53, -43, 40
-74, -6, 50
85, -50, -152
64, -35, -221
67, 37, -147
31, 53, 22
134, -21, -18
89, 1, -91
44, 48, -382
32, -55, -151
32, 53, -60
-115, -63, -169
33, 67, -17
101, -140, -108
65, 41, -86
274, 59, -148
100, 1, 37
68, -94, -92
51, -72, 157
269, -38, -97
134, -25, -212
43, 39, -239
79, 38, 87
50, -35, -211
-43, -53, -102
4, -130, 43
178, -57, -390
99, -11, -65
102, -165, 56
48, -57, 1
67, -33, -134
118, -12, 154
110, -49, -62
101, -50, -119
101, 5, -56
103, 77, -98
76, -45, 150
148, 21, 92
107, -209, 144
6, 75, -199
35, -25, -54
49, -8, -213
10, 6, -135
262, 16, -34
37, 9, -38
50, -267, -297
163, -77, -327
72, 36, 55
229, 76, 17
77, -58, 183
105, -44, -51
50, -57, 41
68, -93, -211
97, -46, -231
30, -20, -272
6, 12, -253
51, -21, -20
25, -58, -166
87, 1, 23
258, -47, 121
36, -92, 143
282, -1, -31
-6, -50, -41
60, -60, -194
-122, -77, -13
40, -27, -90
31, 28, -267
56, -25, 85
280, -83, 204
136, -55, -90
273, 14, -75
63, -85, 29
37, -76, -88
120, -72, -303
78, -31, -27
77, -176, -78
73, -49, -168
193, 14, -73
52, -255, 90
7, 20, 154
55, -13, 131
272, -135, -68
82, -36, -116
282, -3, -7
118, -38, 73
45, 75, -48
106, 46, -5
88, -31, -106
59, -111, -204
113, -25, -198
27, -58, -65
42, -45, 106
18, 47, -95
47, 7, 54
47, -17, -101
200, -55, -409
75, 54, -50
110, -163, -86
72, -48, 2
-158, 24, 94
43, -17, 179
235, 42, 148
10, -42, -19
44, -21, -93
-48, -60, -129
39, -87, -343
-7, -49, -54
57, -27, 117
11, 13, 163
52, -19, 18
266, 46, 20
28, -49, 154
38, -21, -203
-17, 59, -30
64, -44, -70
100, -181, -196
56, -80, -211
22, 16, 103
67, 43, 5
95, 53, 19
105, 89, 96
43, 65, 46
-88, 45, -32
66, -18, -130
66, -135, -198
25, -250, -120
230, 24, -114
7, -45, 133
-31, -112, -61
55, -15, 82
91, -6, 208
29, -19, -129
21, -55, -18
144, -41, -8
82, 3, -272
35, -141, -183
34, -33, -60
25, -34, -130
52, -43, -11
50, -37, -290
77, -82, -312
296, 116, 41
26, -48, 140
-164, 0, -95
10, -43, -36
51, 31, 18
-93, -47, -75
65, -84, -87
274, -15, 79
127, -4, 78
42, -86, -291
141, 7, -49
78, -248, -158
69, -66, -312
69, -276, 51
49, -174, -62
52, -52, -2
-71, 37, -258
5, -26, -190
47, -143, -255
119, -59, -151
59, -22, -34
13, -43, -225
-165, -54, -308
-25, 5, -142
17, 54, -52
73, -36, 13
88, -27, -68
151, -32, -69
67, -17, -30
58, -75, -106
77, -75, -55
50, 64, -119
72, 57, -104
55, -64, -174
113, -58, -364
49, 64, -328
85, 52, 87
30, -259, 75
126, -15, -260
74, -254, 154
-25, 32, -75
12, -21, 46
72, 102, -35
107, -41, -92
51, -87, 179
117, -135, -498
295, -72, 16
142, -17, 17
84, -38, -188
54, -35, -248
72, 46, 4
-10, 114, 102
42, -31, -46
-97, -7, -64
68, 30, -322
85, -6, -196
117, 2, -78
50, 6, 94
44, 11, 155
50, 20, -169
71, 15, -6
83, -39, -106
46, -211, -43
-14, -90, -127
39, 0, -76
232, -7, -121
70, 21, -133
64, 90, 154
82, -30, -90
-159, 24, 103
-25, -61, 148
270, -84, -184
52, -60, 134
62, 71, -35
32, 85, 1
55, -23, -23
40, -107, 75
18, -79, 47
55, -119, 24
-30, 61, -180
32, 17, -269
39, 48, 190
58, -44, -235
-111, -26, -50
35, -254, 133
98, -185, 25
62, -278, -35
79, -46, -57
43, -6, -220
274, 113, -121
70, 14, -241
296, -98, -455
79, -34, 77
-153, 48, -98
39, 0, 75
72, -18, -148
62, -177, -225
67, -276, -55
-45, 26, 50
38, -13, -130
11, 37, 175
29, 22, -136
59, -17, 42
87, 100, 96
59, 97, -216
138, -25, 30
70, -241, -68
-15, 83, -13
41, -258, -57
53, -46, -104
51, 8, -51
-155, 12, -125
51, 8, -132
44, -25, -108
106, -109, 67
56, -135, -225
-8, -13, 136
63, 40, -157
-1, 30, 36
58, -24, 173
292, -41, 3
39, -59, -56
69, -27, -17
-58, -115, 20
32, -253, 39
26, -169, -226
10, -241, -49
-43, 104, -61
56, -2, 103
28, 54, -67
26, 1, -135
-160, -77, -106
78, 18, -116
295, -82, -116
45, 8, -227
69, -30, 29
113, 24, -4
80, -241, -250
144, -166, 91
45, -255, -179
119, -74, -351
30, -70, -70
40, 39, -78
58, 15, 175
292, -75, 6
84, -57, 113
90, -66, -166
-3, -57, -119
48, -73, -104
-6, -96, -209
41, -258, -246
131, -123, -285
56, -214, -239
94, 0, 20
102, -9, 31
65, -34, 128
44, -37, -77
278, -56, 51
34, -31, 136
38, 22, -74
-55, -104, -63
43, -4, -159
22, -149, -222
64, -257, 47
-37, 16, -87
55, -241, -141
-80, -54, 3
16, -36, 174
286, -38, 66
135, -64, -283
65, -59, -19
48, -46, 92
62, -100, -215
21, 39, -200
61, 24, -21
223, -39, -35
63, 177, -138
124, -6, -83
70, -36, 79
261, 40, 8
97, 10, -88
52, -19, -122
46, -75, 76
32, -19, -149
131, -15, 167
90, -26, 93
47, -44, -50
85, -35, -39
27, -121, -9
113, 69, 129
32, -29, -154
-32, 94, 64
46, 197, 64
-20, -12, -107
35, 2, 121
53, -57, -163
1, -74, 57
36, -272, 133
-91, -156, 54
26, -241, 81
131, -167, 37
81, -274, -44
102, -193, -104
26, 0, -68
91, -53, -59
34, -59, -26
285, 82, 20
-13, -41, 122
29, 23, -6
65, -102, -67
9, -266, 81
118, -77, -45
61, -37, -86
293, -28, 155
49, -6, -220
44, -155, 79
-43, 43, 355
66, 3, 65
29, -79, -139
50, -46, -157
45, 46, 186
0, 0, -110
28, -90, -226
164, -28, -57
54, -253, -54
154, -73, -374
92, 46, -150
131, -71, -123
39, -107, -111
132, 15, -66
118, -255, 23
100, 49, 147
61, -237, 23
-10, 53, -118
77, -13, 61
13, -63, 173
24, -13, 133
-164, 19, 83
68, 16, 67
25, -18, -142
109, -114, -205
275, -35, -314
13, 41, -86
48, 118, -144
97, 30, 16
58, -254, -11
-19, 50, 50
18, -265, 153
58, -56, -47
49, -17, 227
277, -56, -25
100, -73, -376
-93, 6, -31
70, 71, 77
49, 70, 8
48, -72, -242
14, -38, -70
11, 22, -215
11, -65, -6
55, 89, -164
119, -76, -332
59, 51, -249
34, 32, 70
48, -31, -132
8, 47, -282
7, -21, 9
16, -5, -191
0, -46, 52
44, -21, 25
23, -24, -290
48, -68, 102
63, -65, 159
-41, -63, 132
53, -52, 259
10, -19, 6
-4, -61, 117
26, 49, 214
34, 0, 19
35, -76, -234
-75, -139, -34
15, 29, -151
128, 10, -298
14, -78, -247
129, -67, -413
38, 100, -168
-53, -38, -119
42, 25, -288
69, 6, -193
78, -240, -11
-53, -45, 45
28, -32, 42
85, -32, -273
12, -43, -204
291, 77, 67
101, -32, -208
46, -53, 85
55, -22, 64
55, 182, -43
-19, -48, -212
47, -27, -62
11, -17, -12
83, -48, 107
271, -81, -16
89, -43, -288
40, -131, -376
49, -43, -36
257, -208, 37
109, -72, -71
63, -117, 55
26, -62, 236
62, 54, -205
152, 26, 24
103, 2, 33
75, 92, -168
41, 0, 17
42, 43, -280
48, -50, -232
43, -43, -215
-11, -6, -220
37, -253, 176
90, 70, -39
69, -4, -255
267, 18, 41
133, 33, 283
283, -137, 8
91, -110, -217
43, 14, 26
-105, -104, -152
31, -138, -60
48, -13, -167
57, 19, 8
57, 80, -37
25, -11, 91
-141, -98, 139
32, -33, -142
49, -26, -111
0, -42, 149
42, -51, 104
180, 27, -25
53, -237, -65
179, -38, -375
51, 26, -285
49, 39, 149
58, -21, 81
16, -20, -86
-17, 22, 121
30, -86, -360
14, -36, -161
65, -53, 37
67, 14, -27
80, -27, -37
16, -85, -96
47, -70, 34
47, -21, 342
-45, -117, 53
35, -172, 96
53, -123, -271
54, 154, -147
-15, 52, 119
59, -7, -58
92, 100, 225
29, 0, 33
39, 5, 48
-56, 37, -43
51, -15, -20
185, -17, -180
76, -39, 184
-76, -24, 41
-7, -58, -229
45, -3, 47
-27, 111, 78
45, -4, 228
125, 89, 192
56, -4, 240
263, 14, 213
70, 11, 108
42, 94, 88
39, -49, -295
30, -22, -340
-6, -30, 90
76, -15, 169
169, 101, -188
42, -234, -115
87, -47, -117
61, -36, 11
272, -45, 141
25, -44, -215
280, -50, -28
91, 12, 110
27, 64, 134
-10, 27, 33
77, -268, -149
-32, -105, -13
-3, -36, -22
98, 36, -72
21, -22, 29
261, -33, 129
103, 34, -105
292, 54, 94
62, -53, 31
42, -41, 178
-46, -59, -89
84, -251, 111
-16, -1, 142
41, -9, -200
166, 40, -206
51, -14, -206
289, -18, 100
58, 11, -198
3, 74, -159
69, -52, -166
75, 7, -123
56, 74, 125
50, -23, -14
178, -19, 53
49, -17, 115
47, -1, 8
166, 8, -52
57, -50, -280
-57, -10, -77
33, -15, 43
-57, -33, 31
39, 23, 92
18, 26, -144
168, 3, -44
50, -243, -48
12, 47, 97
20, -12, 40
71, -11, 77
83, -101, 41
33, 34, 214
51, -56, -146
44, -234, 15
58, -183, -83
85, -36, -76
-2, 73, -226
22, 0, -97
41, -47, -246
54, 34, -94
71, -15, -180
87, -16, -144
80, -14, -193
5, -20, -82
73, -4, 43
55, -248, -2
107, -106, -12
59, -19, -367
168, -15, -87
49, -19, 47
1, 97, -34
113, -31, -95
33, 35, 110
61, 9, 148
26, 19, 44
-12, 26, -137
51, -48, 1
18, -62, 191
-63, 29, 119
21, 49, 100
66, -43, -323
37, -45, -188
-44, 123, -45
34, -1, -171
140, -50, 6
32, -50, 62
52, 95, -13
0, -61, -161
63, 154, 24
8, -26, 249
46, 10, 190
-160, 50, 0
-51, 63, -226
41, 25, 71
-106, -92, -88
34, -28, -148
35, -155, -157
75, -31, -108
162, -10, -8
73, 6, 217
-158, -129, -253
34, -30, -9
30, -118, -133
77, -54, -300
257, -49, -309
95, -8, -273
61, -7, -17
44, 11, -38
48, -233, 54
101, -180, -140
37, 27, -62
197, -7, -99
107, -40, -124
89, -14, -57
91, -28, -170
267, -52, -122
42, -53, -78
48, -68, -106
44, -22, 138
52, -10, 278
32, -71, -253
37, 35, -215
115, -133, -170
-149, -39, 39
5, -60, -24
30, -53, -282
-24, 59, 67
39, 20, 109
97, -19, 71
18, -12, 231
-95, 31, -156
14, -53, -86
32, -90, -137
-7, -72, -146
63, -25, -49
-20, -69, -157
49, 112, -140
-54, -26, -128
23, -92, 45
203, 21, -55
74, -19, 32
298, -88, -103
72, -68, 103
282, -31, 21
117, -68, -97
282, 28, -340
154, -60, -115
283, -75, -140
80, -43, -116
61, 86, -161
94, 10, -126
-157, -70, -353
35, -58, -200
62, 23, -264
88, -65, -111
69, 15, 48
123, 112, 182
55, 88, 237
199, -5, -324
63, -22, 85
51, -32, 215
46, -44, -216
75, -46, 81
-20, -36, -253
260, -119, -2
92, -62, 145
299, -89, -188
139, -21, 18
67, 43, -102
97, -32, 136
85, -65, -80
131, -149, 116
81, -125, 140
-44, -43, -171
49, 27, -71
-90, -18, -20
25, -23, -180
34, 67, 178
25, 13, -172
273, -120, 26
143, 5, -74
51, 12, -168
87, -128, -224
43, 29, -179
-16, -43, -48
53, -10, -97
242, -24, -112
78, -256, -232
151, -61, -367
79, 47, -165
48, 0, -206
47, -225, -37
153, -107, 8
71, -26, 74
252, 4, 204
115, 50, 51
84, -24, 242
-13, -58, -162
61, -39, -126
104, -93, -227
66, -51, -198
118, -19, -277
76, -90, -144
196, -21, 26
64, -18, -70
0, 58, -84
-7, -12, -66
29, -17, 120
98, -113, 75
54, -23, -111
99, 11, 86
84, -46, -92
67, 90, -40
15, 25, -130
50, -121, 2
164, 14, -16
77, 48, -51
121, 28, -32
46, -242, -34
222, -63, -52
89, -7, -140
49, 95, -160
133, -9, -298
96, -25, 51
120, -140, -174
71, -94, -62
50, 53, -123
6, -65, -226
32, -108, -42
63, -254, -95
-36, -39, -72
50, -11, -99
45, -107, -215
10, 15, -155
-165, -38, -201
6, -23, -36
286, 143, 33
136, -5, -171
55, -24, -249
59, -2, 130
42, -83, -65
-26, 135, -138
29, -227, -135
77, -43, 78
57, -34, -88
77, -118, -213
34, -263, 59
70, -161, 38
50, -57, -96
41, -13, -350
66, -58, 68
60, 29, -183
-21, 79, -200
58, -31, 53
-91, -39, -26
65, -15, 259
50, -115, -135
41, -51, -236
13, 118, -55
28, -4, -25
37, -74, -30
136, -131, 77
67, 112, -112
53, -66, -2
70, -224, -121
-20, -25, -161
32, -80, -158
202, 30, -10
76, -52, -207
-74, -83, -167
18, -79, 193
54, -106, -44
72, -23, 0
267, -82, -150
87, -33, -291
-100, 19, -243
64, -15, 59
266, 33, 42
27, -35, 114
45, -23, -210
-3, -41, 67
40, -264, -5
173, -60, -150
52, -246, -78
64, 81, -78
43, -25, 97
-150, -10, -331
63, -3, -42
40, -45, 126
47, -51, -57
19, -23, 74
73, -89, -178
111, -8, -77
77, -29, -127
89, -41, 7
20, -156, 74
-65, 10, 351
65, -31, 339
-14, -49, 38
35, -236, 91
130, 52, -89
83, -14, -69
-140, -59, -178
0, 17, -9
36, 38, -46
54, -10, -139
25, -17, 72
-74, -88, -164
25, -16, -128
-37, -57, -173
41, -41, -59
131, -69, 19
39, -63, -93
70, 114, -97
112, 87, 92
48, -108, 283
-10, 54, 174
55, 7, 96
39, -8, 195
68, -51, 110
37, -57, 128
41, -61, 128
68, 70, -5
34, 69, 40
17, -7, -19
52, -58, -86
5, -74, -75
57, 63, 16
83, 31, -75
47, -55, 94
255, -220, 198
74, -10, -207
28, 104, -89
-12, 27, 122
64, 102, -188
27, -32, -39
DONE
