=~=~=~=~=~=~=~=~=~=~=~= PuTTY log 2022.03.30 12:03:54 =~=~=~=~=~=~=~=~=~=~=~=
Filtered: 0
X, Y, Z
140, 43, 8310
300, -237, 8815
84, -22, 8520
45, 6, 8355
130, -2, 8510
72, 68, 8262
86, 38, 8218
29, 47, 8316
48, 42, 8215
37, 3, 8300
33, 40, 8312
88, 9, 8289
76, 41, 8339
144, 22, 8304
119, 7, 8324
139, 28, 8332
571, -271, 6100
271, -57, 7733
124, 99, 8677
73, -32, 8444
100, 23, 8302
189, -19, 8431
49, 62, 8187
64, 35, 8386
101, 51, 8183
29, 107, 8197
73, 23, 8411
59, 110, 8277
99, -26, 8361
86, 66, 8325
105, -2, 8259
106, 28, 8340
93, 31, 8299
92, 35, 8304
107, 6, 8310
112, 0, 8290
110, 20, 8271
105, -12, 8285
111, 7, 8292
90, 1, 8301
68, 15, 8290
79, 33, 8319
63, 20, 8311
84, 36, 8326
74, 40, 8302
86, 27, 8302
87, 54, 8301
100, 45, 8289
99, 42, 8307
103, 55, 8312
101, 37, 8329
98, 7, 8296
94, -11, 8290
112, -24, 8267
96, -39, 8258
107, -35, 8311
102, -24, 8310
100, -5, 8303
92, 31, 8306
101, 36, 8309
94, 115, 8314
72, 137, 8329
91, 65, 8293
39, 78, 8270
99, 30, 8331
85, 22, 8299
84, 59, 8257
134, -21, 8296
127, -36, 8343
91, -51, 8298
85, -49, 8250
116, -53, 8289
96, -32, 8306
91, 9, 8295
104, 27, 8324
116, 63, 8299
119, 50, 8302
110, 96, 8290
130, 112, 8304
121, 84, 8313
109, 73, 8298
62, 70, 8298
57, 39, 8304
80, -11, 8317
37, -25, 8295
32, -26, 8260
25, -49, 8268
34, -31, 8298
40, -12, 8238
81, -15, 8372
77, 41, 8356
78, 34, 8291
169, 5, 8287
147, 47, 8503
139, 58, 8445
192, 22, 8245
131, 73, 8300
146, 72, 8310
127, 74, 8324
110, 69, 8349
91, 57, 8312
71, 17, 8234
98, -28, 8274
67, -17, 8275
54, -41, 8280
67, -44, 8324
47, -18, 8300
43, -9, 8300
58, 13, 8292
67, 32, 8297
83, 64, 8304
112, 53, 8291
121, 67, 8304
135, 64, 8287
146, 57, 8334
137, 53, 8313
145, 42, 8297
111, 4, 8281
105, -7, 8282
101, 5, 8304
66, -12, 8320
63, -13, 8314
58, -12, 8287
64, -12, 8308
62, 13, 8281
57, 31, 8286
81, 34, 8303
102, 49, 8309
107, 59, 8318
102, 64, 8289
104, 68, 8300
115, 50, 8289
116, 30, 8295
104, 9, 8275
120, 2, 8304
112, -8, 8293
108, -12, 8274
96, -6, 8300
97, 8, 8367
87, -18, 8387
78, 2, 8272
51, 12, 8250
90, 24, 8269
94, 45, 8303
89, 71, 8299
110, 46, 8303
103, 43, 8279
107, 49, 8286
118, 31, 8332
120, 11, 8378
108, 4, 8321
100, 0, 8244
105, -10, 8270
87, -17, 8281
83, 7, 8317
96, 24, 8325
70, 34, 8331
103, 33, 8312
102, 31, 8302
80, 36, 8295
97, 38, 8300
100, 29, 8299
104, 30, 8307
96, 27, 8290
79, 21, 8304
91, 33, 8292
90, 23, 8294
97, 33, 8323
103, 11, 8309
115, 16, 8303
105, 1, 8319
94, 10, 8285
98, 13, 8286
98, 31, 8301
111, 23, 8313
90, 21, 8305
91, 34, 8283
83, 32, 8282
85, 11, 8290
93, 17, 8294
117, 17, 8309
124, 20, 8283
126, 18, 8299
115, 16, 8328
118, 18, 8310
107, 17, 8311
95, 24, 8286
86, 11, 8282
89, 12, 8308
76, 13, 8299
81, 21, 8312
79, 41, 8305
83, 34, 8297
106, 41, 8293
111, 34, 8315
128, 41, 8295
125, 22, 8302
113, 16, 8300
125, 13, 8308
110, -15, 8337
84, 8, 8306
94, -10, 8266
81, 2, 8270
79, -1, 8302
96, 25, 8283
83, 23, 8325
96, 42, 8307
106, 33, 8297
104, 49, 8315
100, 50, 8293
104, 45, 8307
88, 20, 8269
92, 31, 8309
96, 14, 8328
95, 14, 8295
94, -9, 8294
99, 7, 8274
113, 0, 8320
105, 2, 8306
95, -9, 8297
112, -4, 8301
101, 1, 8303
105, 10, 8293
98, 24, 8275
94, 22, 8295
96, 36, 8326
89, 58, 8304
89, 55, 8293
97, 38, 8304
96, 23, 8302
98, 23, 8326
87, -4, 8293
92, 2, 8300
89, 5, 8263
101, 14, 8261
90, 13, 8313
108, 26, 8230
121, 21, 8306
112, 10, 8311
114, 12, 8246
124, 51, 7834
128, -33, 7837
71, 95, 8231
95, 28, 8401
56, 87, 8240
65, 23, 8356
84, 51, 8377
79, 18, 8340
124, 20, 8549
114, -10, 8410
92, 34, 7961
115, -11, 8222
75, 30, 8214
97, 32, 8282
105, -7, 8314
112, 15, 8273
117, 20, 8283
122, 37, 8370
115, 17, 8340
126, 13, 8290
112, 31, 8229
85, 39, 8305
111, -1, 8264
94, -12, 8397
58, 21, 8357
81, 13, 8379
99, -4, 8292
81, 17, 8266
84, 6, 8299
122, 12, 8324
87, 22, 8329
102, 37, 8268
104, 30, 8287
114, 46, 8308
102, 73, 8144
99, 51, 8632
101, 51, 8529
89, -25, 8131
92, 0, 8223
124, -8, 8320
86, 6, 8329
79, 12, 8329
91, 12, 8259
75, 30, 8220
103, 40, 8358
117, 55, 8375
130, 12, 8314
116, 32, 8325
104, 23, 8290
130, 29, 8314
117, 0, 8238
118, -21, 8270
103, -8, 8300
88, 3, 8272
90, -6, 8313
89, -16, 8281
79, 18, 8291
84, 19, 8290
85, 33, 8302
88, 54, 8354
111, 63, 8321
84, 70, 8329
92, 57, 8253
91, 46, 8270
90, 37, 8288
109, 11, 8289
90, 26, 8307
96, -1, 8292
101, 17, 8266
114, -1, 8295
104, -12, 8296
97, 15, 8321
120, 15, 8319
93, 3, 8278
91, 16, 8304
87, 21, 8303
73, 37, 8306
82, 42, 8297
74, 50, 8292
105, 32, 8328
110, 29, 8302
103, 26, 8286
125, 1, 8318
104, 0, 8284
104, -16, 8276
84, 1, 8277
79, 12, 8297
69, 17, 8288
68, 31, 8301
92, 25, 8293
106, 17, 8297
87, 32, 8328
118, 37, 8282
110, 32, 8355
105, 31, 8277
105, 44, 8321
89, 39, 8279
86, -212, 8279
87, 37, 8158
101, 17, 8249
68, 34, 8328
75, 37, 8335
115, 11, 8352
82, 41, 8314
104, 30, 8302
94, 55, 8268
91, 32, 8332
96, 59, 8323
87, 45, 8189
101, 6, 8213
116, 23, 8429
128, 9, 8413
126, 13, 8265
112, 11, 8257
102, 17, 8276
102, 19, 8322
104, 24, 8306
81, 18, 8275
82, 40, 8310
90, 5, 8286
83, 24, 8308
100, 21, 8300
88, 11, 8298
115, -3, 8284
105, 253, 8289
98, 18, 8290
118, 24, 8299
114, 22, 8326
92, 22, 8335
99, 37, 8293
104, 49, 8270
106, 50, 8318
92, 65, 8317
77, 67, 8314
94, 41, 8303
73, 44, 8290
67, 18, 8300
86, 13, 8297
90, 19, 8315
93, 16, 8286
104, 20, 8277
104, 28, 8305
107, 22, 8317
119, 17, 8334
105, 22, 8295
120, -16, 8268
122, -22, 8299
114, -19, 8300
117, -13, 8305
112, 5, 8337
92, 45, 8303
89, 35, 8306
85, 48, 8297
83, 59, 8311
69, 54, 8302
80, 44, 8302
83, 39, 8310
82, 24, 8284
99, 15, 8326
113, 6, 8309
112, 4, 8280
98, 8, 8250
102, 12, 8300
106, 5, 8332
86, 19, 8332
88, 14, 8247
86, 29, 8296
89, 17, 8346
107, 20, 8282
88, 23, 8294
100, 28, 8270
82, 18, 8277
93, 11, 8306
88, 20, 8276
101, 20, 8307
96, 35, 8306
85, 29, 8291
105, 30, 8267
104, 33, 8295
99, 12, 8325
102, 26, 8323
87, 19, 8299
81, -2, 8304
90, 1, 8098
91, -4, 7910
85, 55, 8764
83, 77, 8629
146, -13, 8302
107, 53, 8308
119, -3, 8250
106, 41, 8358
111, 12, 8329
101, 10, 8318
84, 30, 8223
106, -4, 8205
75, 31, 8349
86, 12, 8366
100, 14, 8342
88, 13, 8325
89, 10, 8260
100, -10, 8283
104, 23, 8285
116, 21, 8323
96, 19, 8316
117, 36, 8314
106, 35, 8303
115, 17, 8308
106, 16, 8318
80, 42, 8304
92, 24, 8310
79, 17, 8296
76, 13, 8297
88, 5, 8308
87, -10, 8329
81, 13, 8303
102, 21, 8312
122, 17, 8286
88, 38, 8286
114, 29, 8310
110, 28, 8321
109, 40, 8309
89, 47, 8297
99, 6, 8295
98, -1, 8284
98, -4, 8319
97, 9, 8315
104, -3, 8302
90, 23, 8312
81, 32, 8283
80, 11, 8286
84, 27, 8307
72, 40, 8315
85, 36, 8313
98, 29, 8319
109, 14, 8295
114, 11, 8310
124, 13, 8293
121, 24, 8281
110, 11, 8278
104, 30, 8323
97, 15, 8313
93, 1, 8325
90, 7, 8341
94, -1, 8313
88, 6, 8319
100, 14, 8280
89, 11, 8276
101, 24, 8306
101, 24, 8311
95, 27, 8311
95, 39, 8350
109, 55, 8321
122, 54, 8346
112, 61, 8295
111, 48, 8267
117, 42, 8231
98, 26, 8256
83, 35, 8330
82, 3, 8301
88, 10, 8329
94, -23, 8346
92, -19, 8279
109, -20, 8277
98, -13, 8262
91, -20, 8271
102, 241, 8329
105, 14, 8322
112, 41, 8313
110, 53, 8315
120, 62, 8295
121, 64, 8308
103, 35, 8291
111, 32, 8291
100, 32, 8318
86, 27, 8311
74, 27, 8307
57, 20, 8298
77, 18, 8302
93, 21, 8307
103, 21, 8297
109, 34, 8296
123, 36, 8310
114, 22, 8309
125, 36, 8306
121, 41, 8343
130, 57, 8334
113, 28, 8298
111, 32, 8251
115, 20, 8266
106, 12, 8289
96, 17, 8280
101, 5, 8333
93, -4, 8321
92, 9, 8318
72, 13, 8311
81, 7, 8289
71, 13, 8521
79, 4, 8018
125, 6, 8200
75, 38, 8045
117, 28, 7689
64, 100, 8543
86, 107, 8468
165, 28, 8648
96, 62, 8425
151, 0, 8112
88, 27, 8275
101, 6, 8470
75, 4, 8450
44, -10, 8239
117, -27, 8245
81, -19, 8205
112, -25, 8211
115, 6, 8351
107, -6, 8300
125, 11, 8321
109, 24, 8316
103, 25, 8281
107, 51, 8330
103, 62, 8312
114, 61, 8298
80, 76, 8283
110, 49, 8283
83, 36, 8322
76, 3, 8316
80, -3, 8288
71, 2, 8280
95, 2, 8288
85, 6, 8314
105, 15, 8318
113, 34, 8338
121, 27, 8305
117, 15, 8273
108, 0, 8280
114, 0, 8300
110, 4, 8318
98, 0, 8311
84, -10, 8325
77, -1, 8288
73, 17, 8295
95, 26, 8312
99, 52, 8299
102, 49, 8328
105, 55, 8323
118, 51, 8289
108, 35, 8299
118, 28, 8300
102, 42, 8301
88, 39, 8316
76, 18, 8290
75, 33, 8319
85, 23, 8305
96, 16, 8316
103, 18, 8284
108, 23, 8293
104, 16, 8307
104, 19, 8281
96, 22, 8294
83, 27, 8325
83, 31, 8333
98, 26, 8319
109, 31, 8298
130, -2, 8258
137, 19, 8275
121, 41, 8320
139, 25, 8324
109, 36, 8347
80, 41, 8294
89, 17, 8286
75, 3, 8303
57, 22, 8268
74, -7, 8332
79, -19, 8314
91, -12, 8309
102, -11, 8273
115, -12, 8305
124, 24, 8313
120, 31, 8300
132, 19, 8313
111, 42, 8301
125, 44, 8302
107, 40, 8303
93, 54, 8280
84, 52, 8300
92, 65, 8302
88, 32, 8300
83, 36, 8299
81, 29, 8295
99, 34, 8309
100, 29, 8314
98, 17, 8275
88, 17, 8293
101, 9, 8303
105, 3, 8310
99, 9, 8290
113, -6, 8283
96, 19, 8284
111, 5, 8299
102, 25, 8308
115, 19, 8277
112, 24, 8330
116, 23, 8345
94, 44, 8329
84, 27, 8330
80, 26, 8288
87, 32, 8277
70, 20, 8285
63, 29, 8300
95, 18, 8383
69, 1, 7916
77, -11, 7983
68, 49, 8597
96, 24, 8466
114, 22, 8261
142, 26, 8250
123, 48, 8389
120, 62, 8350
131, 52, 8341
97, 61, 8381
129, 39, 8211
99, 31, 8223
67, 17, 8314
79, 11, 8266
66, 6, 8335
76, 0, 8342
92, -24, 8301
95, -18, 8296
103, -2, 8278
103, 14, 8282
107, 28, 8293
82, 45, 8307
104, 34, 8305
80, 44, 8330
106, 47, 8308
105, 42, 8326
101, 30, 8294
96, 18, 8306
103, 24, 8288
112, 19, 8307
89, 26, 8317
91, 30, 8324
111, 28, 8312
99, 33, 8307
104, 19, 8316
98, 14, 8317
97, 11, 8276
102, 15, 8295
100, 23, 8308
100, 15, 8301
99, 26, 8304
98, 39, 8317
107, 33, 8322
90, 13, 8282
106, 24, 8269
109, 29, 8275
122, 20, 8299
125, 20, 8309
119, 13, 8303
103, 0, 8289
100, -5, 8299
91, 6, 8305
86, -12, 8306
91, 10, 8307
86, 3, 8296
73, 23, 8284
89, 23, 8302
97, 46, 8293
106, 44, 8301
95, 55, 8285
111, 68, 8302
97, 67, 8313
110, 56, 8310
88, 46, 8322
86, 30, 8289
77, 18, 8285
93, 8, 8289
83, 4, 8322
97, 10, 8314
100, -8, 8284
130, -2, 8340
98, 18, 8331
103, 4, 8258
116, 14, 8263
106, 19, 8346
95, 47, 8317
94, 25, 8333
95, 32, 8285
93, 20, 8285
94, 38, 8316
85, 31, 8317
100, 11, 8319
104, 18, 8299
121, 23, 8283
108, 25, 8291
116, 20, 8310
104, 13, 8302
97, 40, 8278
99, 28, 8300
102, 26, 8318
106, 12, 8319
109, 14, 8318
119, 11, 8302
107, 4, 8318
109, 25, 8306
105, 16, 8298
85, 20, 8298
86, 6, 8271
99, 22, 8322
101, 19, 8344
105, 20, 8295
100, 17, 8310
108, 16, 8301
89, 33, 8295
93, 32, 8315
56, 39, 8310
54, 23, 8328
70, 28, 8289
69, 30, 8282
90, 23, 8289
112, 20, 8308
137, 7, 8297
138, 7, 8296
124, -13, 8298
144, -2, 8307
108, -6, 8315
95, -9, 8297
84, 15, 8308
87, 9, 8307
97, 2, 8325
89, 15, 8323
103, 18, 8295
95, 24, 8289
108, 40, 8276
89, 26, 8261
88, 53, 8316
100, 48, 8313
83, 40, 8347
69, 51, 8302
72, 36, 8280
83, 39, 8258
111, 35, 8313
108, 38, 8319
103, 19, 8285
108, 9, 8296
111, 11, 8303
119, -4, 8312
111, -16, 8304
117, -9, 8271
107, 0, 8317
99, 13, 8291
92, 14, 8314
84, 25, 8313
87, 37, 8297
85, 40, 8290
99, 23, 8289
98, 32, 8278
109, 40, 8398
100, 53, 8327
106, 31, 8394
95, 25, 8326
110, -2, 8251
103, 10, 8309
115, 1, 8295
100, 22, 8285
90, 27, 8284
99, 2, 8303
98, 27, 8295
105, 21, 8313
97, 22, 8308
99, 32, 8303
82, 23, 8304
87, 13, 8303
86, 4, 8289
73, 7, 8278
109, 13, 8310
105, 22, 8324
108, 23, 8301
102, 18, 8289
98, 21, 8291
104, 34, 8304
95, 36, 8302
94, 36, 8304
77, 32, 8318
86, 11, 8307
74, 22, 8296
87, 13, 8277
105, 2, 8308
114, 7, 8303
100, 10, 8294
114, 13, 8309
117, 8, 8289
103, 6, 8308
101, 27, 8289
94, 21, 8284
90, 29, 8289
104, 16, 8263
97, 49, 8402
92, 34, 8313
103, 24, 8231
62, 23, 8261
103, 10, 8315
84, 22, 8339
69, 34, 8297
120, 16, 8291
93, 8, 8298
95, 24, 8282
104, 18, 8322
95, 25, 8304
106, 16, 8290
79, 29, 8302
107, 18, 8294
99, 21, 8299
102, 29, 8287
131, 16, 8308
115, 18, 8312
127, 8, 8318
123, -6, 8318
124, 10, 8315
116, 1, 8301
100, 17, 8279
96, 16, 8295
81, 20, 8300
96, 21, 8271
83, 35, 8335
68, 62, 8310
94, 37, 8340
82, 26, 8293
75, 20, 8295
107, -2, 8302
72, 16, 8301
81, 18, 8282
89, 16, 8279
96, 7, 8302
99, 13, 8302
104, -6, 8302
130, 2, 8308
118, 26, 8296
125, 30, 8301
120, 37, 8314
106, 41, 8312
106, 48, 8289
94, 39, 8296
87, 30, 8310
68, 28, 8299
86, 14, 8303
80, 5, 8290
72, -4, 8306
91, 8, 8308
98, 12, 8302
111, 0, 8305
101, 18, 8300
109, 19, 8299
135, 16, 8310
119, 27, 8325
116, 16, 8302
105, 30, 8313
108, 32, 8301
87, 15, 8299
71, 36, 8302
65, 22, 8288
75, 3, 8292
78, 17, 8306
64, 12, 8286
87, 22, 8308
81, 16, 8324
82, 24, 8278
101, 22, 8353
125, 51, 8381
121, 30, 8305
147, 26, 8288
134, 39, 8267
116, 8, 8282
98, 18, 8304
117, -2, 8310
85, 4, 8297
64, 18, 8269
59, 12, 8258
98, 2, 8288
72, 9, 8379
101, 5, 8322
126, 20, 8247
81, 57, 8258
111, 54, 8300
120, 37, 8304
103, 59, 8338
111, 42, 8315
95, 33, 8283
79, 23, 8282
84, 25, 8291
80, 11, 8310
92, 4, 8310
83, 3, 8276
111, -21, 8298
103, -18, 8277
100, 16, 8304
112, 24, 8281
100, 48, 8287
104, 56, 8309
112, 35, 8304
106, 21, 8294
99, 12, 8301
94, -1, 8300
104, 2, 8298
109, 1, 8306
94, 17, 8305
91, 17, 8298
76, 26, 8310
91, 33, 8310
88, 30, 8301
81, 26, 8302
106, 22, 8309
112, 23, 8290
124, 26, 8313
115, 16, 8310
112, 24, 8273
131, 23, 8305
118, 26, 8322
116, 23, 8334
113, 16, 8250
114, 15, 8258
99, 8, 8283
100, 20, 8328
76, 18, 8329
89, 13, 8323
95, 15, 8293
76, 26, 8272
87, 28, 8287
83, 30, 8316
97, 35, 8307
104, 32, 8285
105, 32, 8270
111, 22, 8308
109, 18, 8326
130, 20, 8313
118, 9, 8322
107, 4, 8283
102, 1, 8269
102, 14, 8296
84, 4, 8339
86, 5, 8291
87, 10, 8270
95, 16, 8282
80, 31, 8290
95, 35, 8320
93, 33, 8326
99, 20, 8297
96, 22, 8284
95, 31, 8294
99, 20, 8292
104, 6, 8308
108, 8, 8316
98, 27, 8283
114, -2, 8330
105, 14, 8308
83, 30, 8298
101, 23, 8301
88, 35, 8319
77, 24, 8301
92, 19, 8294
94, 18, 8286
