=~=~=~=~=~=~=~=~=~=~=~= PuTTY log 2022.04.06 16:37:34 =~=~=~=~=~=~=~=~=~=~=~=
Filtered: 0
X, Y, Z
68, -34, 8316
85, -49, 8299
90, -30, 8302
73, -25, 8313
89, -19, 8298
72, -22, 8296
81, -23, 8295
86, -24, 8307
76, -33, 8314
84, -14, 8308
73, -18, 8302
83, -22, 8301
80, -24, 8290
61, -26, 8319
80, -37, 8310
72, -28, 8311
82, -33, 8302
74, -30, 8302
81, -35, 8312
85, -17, 8307
89, -35, 8311
77, -24, 8295
88, -25, 8312
79, -21, 8303
76, -19, 8294
86, -23, 8295
82, -20, 8317
92, -27, 8317
65, -26, 8309
74, -17, 8305
92, -19, 8306
83, -30, 8305
76, -34, 8298
75, -27, 8301
71, -12, 8298
74, -25, 8298
81, -22, 8304
72, -17, 8302
66, -18, 8298
67, -17, 8299
88, -27, 8303
79, -27, 8298
60, -16, 8305
73, -27, 8303
78, -38, 8303
85, -32, 8309
72, -43, 8318
89, -45, 8311
80, -31, 8305
85, -22, 8316
83, -20, 8291
71, -27, 8305
72, -25, 8304
79, -23, 8318
79, -30, 8313
82, -20, 8291
85, -13, 8318
72, -28, 8315
81, -27, 8297
85, -23, 8299
71, -33, 8296
89, -28, 8298
74, -26, 8307
81, -39, 8314
77, -37, 8311
81, -27, 8303
70, -32, 8309
81, -22, 8307
70, -5, 8296
87, -28, 8293
76, -26, 8311
74, -29, 8308
84, -28, 8306
82, -26, 8301
83, -25, 8304
88, -23, 8304
81, -30, 8308
88, -36, 8312
82, -23, 8307
80, -31, 8306
83, -24, 8290
68, -26, 8317
66, -17, 8293
94, -16, 8309
90, -17, 8304
75, -23, 8310
82, -28, 8304
76, -28, 8308
82, -31, 8299
87, -22, 8292
71, -27, 8317
81, -33, 8304
79, -31, 8308
79, -28, 8318
92, -25, 8301
89, -25, 8294
74, -15, 8310
82, -24, 8299
70, -15, 8295
74, -26, 8292
77, -27, 8301
72, -32, 8307
79, -26, 8302
81, -29, 8308
78, -26, 8300
89, -33, 8312
75, -28, 8305
82, -24, 8299
84, -23, 8311
75, -13, 8291
87, -33, 8303
65, -23, 8307
73, -13, 8297
87, -30, 8308
88, -22, 8301
82, -25, 8299
83, -24, 8294
77, -28, 8315
78, -24, 8307
88, -38, 8313
87, -32, 8304
70, -20, 8297
73, -27, 8288
78, -34, 8322
86, -20, 8302
85, -23, 8296
82, -17, 8303
91, -9, 8315
71, -11, 8299
74, -31, 8310
72, -21, 8294
85, -31, 8312
71, -27, 8286
82, -30, 8313
73, -32, 8305
77, -26, 8303
91, -28, 8304
85, -22, 8302
75, -17, 8296
82, -22, 8297
80, -11, 8312
76, -24, 8300
78, -22, 8303
75, -14, 8304
78, -24, 8304
89, -18, 8317
72, -27, 8294
74, -20, 8312
79, -33, 8302
84, -27, 8298
96, -37, 8319
81, -30, 8311
100, -17, 8309
85, -14, 8305
85, -31, 8298
77, -25, 8287
86, -25, 8302
78, -25, 8299
76, -29, 8305
82, -40, 8281
82, -22, 8296
71, -25, 8305
77, -28, 8311
75, -20, 8313
67, -30, 8326
74, -31, 8313
77, -24, 8304
75, -23, 8308
84, -24, 8294
81, -14, 8308
83, -22, 8294
81, -24, 8298
67, -22, 8311
84, -25, 8295
76, -24, 8300
71, -18, 8304
90, -33, 8309
84, -27, 8308
84, -28, 8301
72, -22, 8313
79, -31, 8305
77, -26, 8305
84, -28, 8313
69, -24, 8322
85, -19, 8290
79, -23, 8291
84, -22, 8316
94, -28, 8307
85, -29, 8313
81, -26, 8301
76, -27, 8305
87, -25, 8289
80, -26, 8309
86, -33, 8308
74, -17, 8302
78, -36, 8300
77, -26, 8310
83, -31, 8302
72, -19, 8302
81, -29, 8312
84, -25, 8308
78, -38, 8312
72, -26, 8309
80, -30, 8301
80, -24, 8291
73, -26, 8305
77, -25, 8296
70, -26, 8314
75, -28, 8312
78, -30, 8310
69, -19, 8313
80, -31, 8305
77, -25, 8305
77, -17, 8320
80, -29, 8294
86, -19, 8310
75, -23, 8291
95, -15, 8295
76, -22, 8314
69, -9, 8288
82, -24, 8295
92, -29, 8302
83, -25, 8301
74, -30, 8311
62, -24, 8313
79, -21, 8292
79, -20, 8301
78, -25, 8305
79, -22, 8307
72, -27, 8313
95, -25, 8295
77, -19, 8312
74, -16, 8294
76, -22, 8310
82, -24, 8289
69, -32, 8317
84, -29, 8309
71, -27, 8309
77, -23, 8317
75, -24, 8301
75, -22, 8299
73, -21, 8299
78, -22, 8281
71, -26, 8307
74, -22, 8299
84, -27, 8296
91, -31, 8300
85, -26, 8310
98, -24, 8312
84, -35, 8326
77, -30, 8303
98, -22, 8313
74, -39, 8312
81, -26, 8298
85, -24, 8289
80, -18, 8306
69, -8, 8292
75, -25, 8301
83, -37, 8309
78, -23, 8293
70, -30, 8309
86, -17, 8305
68, -24, 8304
83, -26, 8302
76, -13, 8307
74, -30, 8297
81, -26, 8298
89, -29, 8304
80, -27, 8303
77, -30, 8305
72, -27, 8305
84, -17, 8302
82, -39, 8310
69, -27, 8301
78, -23, 8288
76, -26, 8310
86, -26, 8296
86, -29, 8285
75, -26, 8304
78, -19, 8301
76, -28, 8302
81, -35, 8307
87, -26, 8306
80, -21, 8300
74, -25, 8301
81, -27, 8301
77, -29, 8304
80, -25, 8300
90, -18, 8301
87, -21, 8310
83, -29, 8301
93, -21, 8303
81, -21, 8306
83, -26, 8308
75, -28, 8306
86, -30, 8308
73, -24, 8291
70, -23, 8299
68, -11, 8312
82, -26, 8313
77, -17, 8301
86, -30, 8302
68, -30, 8304
74, -22, 8306
71, -15, 8301
77, -27, 8293
80, -25, 8304
87, -24, 8305
88, -26, 8300
76, -29, 8284
82, -23, 8298
71, -26, 8318
84, -31, 8303
73, -25, 8294
77, -28, 8303
76, -26, 8317
69, -30, 8307
69, -24, 8311
75, -16, 8305
90, -23, 8302
86, -23, 8300
80, -20, 8288
70, -28, 8312
80, -34, 8315
84, -20, 8321
80, -23, 8297
82, -24, 8304
74, -19, 8303
78, -21, 8312
73, -27, 8316
88, -26, 8304
78, -23, 8309
87, -24, 8300
74, -22, 8311
80, -34, 8313
74, -32, 8306
93, -22, 8313
85, -28, 8301
76, -23, 8306
86, -29, 8301
78, -31, 8301
65, -22, 8302
71, -21, 8317
69, -39, 8316
79, -25, 8307
83, -24, 8298
81, -24, 8307
80, -20, 8303
77, -20, 8308
65, -28, 8309
85, -29, 8315
67, -12, 8300
76, -26, 8303
83, -33, 8306
84, -24, 8307
82, -27, 8306
77, -26, 8319
87, -23, 8302
82, -25, 8305
78, -30, 8300
73, -35, 8307
84, -21, 8310
80, -22, 8303
85, -35, 8314
86, -17, 8310
70, -23, 8303
80, -22, 8296
92, -21, 8308
78, -22, 8310
80, -28, 8310
73, -28, 8315
87, -14, 8316
84, -25, 8309
82, -25, 8302
79, -21, 8315
81, -32, 8303
76, -28, 8302
77, -17, 8319
76, -32, 8303
63, -24, 8310
85, -20, 8306
77, -22, 8294
74, -26, 8307
83, -36, 8314
72, -21, 8301
78, -20, 8308
77, -19, 8323
71, -32, 8308
79, -29, 8309
91, -24, 8299
86, -26, 8309
81, -24, 8299
87, -19, 8291
92, -27, 8308
87, -24, 8300
71, -26, 8303
71, -17, 8302
76, -25, 8305
86, -23, 8284
78, -17, 8311
63, -23, 8312
85, -17, 8304
85, -24, 8302
96, -30, 8300
95, -22, 8288
75, -24, 8306
67, -8, 8298
69, -20, 8309
85, -26, 8320
72, -30, 8301
76, -27, 8294
81, -30, 8304
75, -21, 8306
70, -24, 8300
73, -21, 8313
92, -20, 8314
70, -21, 8305
77, -26, 8312
71, -15, 8318
63, -21, 8298
81, -29, 8309
65, -27, 8320
62, -32, 8321
77, -21, 8308
84, -25, 8300
90, -23, 8312
88, -33, 8298
79, -11, 8293
76, -23, 8301
79, -23, 8298
88, -27, 8304
77, -25, 8306
66, -43, 8317
64, -20, 8309
76, -28, 8303
88, -29, 8310
72, -26, 8305
76, -29, 8308
84, -18, 8306
75, -33, 8301
73, -23, 8315
73, -23, 8306
75, -24, 8298
83, -25, 8317
73, -30, 8311
78, -27, 8318
75, -29, 8307
75, -27, 8311
87, -35, 8317
73, -23, 8295
86, -15, 8313
72, -22, 8306
80, -32, 8304
88, -16, 8299
85, -23, 8307
71, -16, 8299
90, -28, 8305
85, -25, 8301
74, -28, 8311
92, -15, 8316
86, -23, 8295
79, -27, 8322
69, -22, 8285
74, -26, 8297
84, -20, 8303
75, -20, 8308
85, -24, 8309
86, -27, 8305
84, -22, 8302
75, -31, 8298
81, -34, 8304
82, -31, 8315
70, -28, 8315
70, -31, 8307
80, -26, 8296
76, -30, 8314
68, -19, 8308
78, -42, 8325
78, -30, 8316
69, -27, 8307
83, -22, 8304
73, -19, 8318
72, -26, 8323
68, -19, 8295
88, -26, 8297
68, -33, 8316
70, -11, 8303
85, -24, 8321
82, -34, 8307
63, -19, 8306
65, -20, 8295
85, -20, 8297
82, -26, 8299
71, -4, 8297
79, -22, 8299
91, -22, 8312
78, -28, 8280
74, -21, 8302
79, -29, 8309
69, -24, 8300
82, -34, 8308
83, -23, 8307
82, -28, 8300
80, -36, 8315
72, -27, 8308
76, -23, 8298
90, -12, 8317
83, -28, 8295
91, -17, 8309
78, -25, 8293
84, -22, 8314
86, -29, 8312
86, -27, 8297
84, -25, 8306
70, -22, 8313
67, -27, 8315
80, -21, 8301
86, -12, 8308
79, -19, 8313
86, -25, 8293
65, -25, 8296
81, -21, 8308
77, -31, 8306
77, -20, 8307
83, -23, 8311
86, -34, 8308
75, -11, 8302
80, -32, 8311
84, -24, 8284
77, -24, 8300
79, -22, 8303
81, -24, 8294
79, -31, 8304
79, -28, 8303
91, -27, 8307
81, -25, 8310
67, -19, 8299
82, -23, 8286
73, -34, 8288
80, -21, 8289
73, -18, 8300
83, -30, 8294
84, -20, 8295
82, -35, 8290
76, -14, 8299
72, -29, 8328
80, -21, 8302
70, -28, 8316
77, -23, 8298
80, -20, 8308
66, -22, 8309
78, -26, 8295
75, -29, 8303
83, -26, 8303
83, -26, 8295
78, -22, 8293
73, -19, 8299
70, -27, 8295
88, -33, 8310
70, -21, 8302
91, -26, 8303
75, -21, 8307
84, -20, 8297
86, -28, 8310
84, -28, 8301
60, -31, 8296
76, -15, 8308
84, -30, 8301
97, -28, 8302
81, -23, 8301
83, -22, 8301
79, -18, 8300
76, -27, 8320
96, -34, 8309
92, -20, 8300
74, -28, 8283
86, -24, 8298
70, -19, 8295
76, -25, 8299
66, -26, 8300
80, -27, 8303
79, -21, 8302
76, -23, 8297
82, -28, 8297
80, -25, 8298
76, -25, 8285
79, -24, 8297
95, -16, 8305
80, -26, 8306
78, -29, 8305
77, -32, 8305
76, -29, 8311
84, -24, 8301
75, -15, 8290
82, -17, 8294
70, -14, 8295
89, -10, 8288
78, -27, 8322
77, -19, 8300
83, -13, 8299
77, -31, 8305
80, -24, 8308
78, -27, 8298
79, -23, 8285
70, -26, 8315
86, -25, 8293
79, -29, 8299
79, -27, 8310
83, -20, 8302
71, -25, 8310
70, -25, 8303
85, -25, 8303
76, -28, 8310
68, -29, 8298
83, -27, 8295
79, -24, 8308
81, -28, 8300
69, -14, 8297
84, -24, 8300
81, -15, 8312
69, -26, 8305
70, -22, 8291
66, -18, 8307
88, -19, 8308
69, -19, 8300
80, -28, 8291
83, -30, 8303
91, -21, 8297
94, -25, 8298
86, -19, 8294
77, -23, 8287
82, -28, 8298
74, -17, 8303
76, -26, 8307
84, -24, 8307
72, -20, 8294
77, -26, 8295
74, -28, 8295
89, -31, 8305
75, -25, 8299
81, -28, 8298
89, -24, 8292
65, -17, 8299
70, -18, 8294
83, -28, 8288
76, -32, 8292
75, -27, 8311
88, -28, 8292
81, -25, 8294
74, -25, 8302
77, -24, 8282
85, -27, 8275
76, -13, 8303
73, -25, 8305
82, -32, 8313
75, -21, 8290
74, -22, 8307
88, -18, 8313
78, -25, 8299
69, -16, 8298
81, -22, 8298
66, -26, 8298
86, -39, 8316
87, -22, 8301
77, -23, 8297
84, -24, 8292
67, -40, 8295
81, -19, 8302
74, -19, 8308
72, -21, 8292
79, -26, 8306
77, -27, 8296
84, -26, 8298
87, -20, 8298
79, -13, 8300
86, -28, 8301
75, -10, 8296
87, -26, 8315
71, -21, 8306
89, -29, 8303
93, -24, 8278
70, -26, 8310
88, -35, 8311
75, -33, 8308
81, -24, 8283
71, -19, 8301
80, -32, 8307
100, -26, 8312
77, -25, 8300
77, -27, 8306
86, -21, 8288
77, -23, 8293
78, -33, 8308
70, -30, 8314
70, -17, 8302
74, -19, 8300
67, -17, 8303
80, -25, 8300
69, -27, 8307
73, -12, 8304
86, -33, 8306
90, -14, 8309
80, -23, 8299
79, -26, 8315
71, -29, 8306
72, -26, 8296
79, -24, 8299
81, -22, 8296
93, -20, 8300
83, -29, 8307
95, -25, 8290
78, -29, 8301
81, -30, 8295
77, -22, 8295
66, -25, 8314
81, -25, 8301
88, -19, 8298
78, -24, 8307
89, -25, 8311
67, -19, 8303
75, -29, 8323
84, -21, 8296
86, -33, 8311
88, -26, 8307
85, -25, 8309
71, -27, 8300
69, -24, 8318
70, -27, 8301
80, -17, 8299
79, -23, 8297
70, -22, 8300
84, -26, 8295
77, -36, 8282
84, -27, 8302
85, -27, 8282
77, -22, 8305
60, -26, 8300
72, -20, 8304
67, -26, 8315
66, -30, 8317
89, -24, 8302
72, -27, 8315
90, -24, 8296
74, -18, 8304
80, -27, 8294
83, -24, 8318
65, -19, 8304
84, -23, 8314
86, -21, 8308
93, -20, 8303
78, -16, 8304
79, -24, 8298
88, -22, 8298
85, -25, 8298
89, -30, 8314
75, -29, 8313
83, -19, 8313
83, -25, 8297
89, -20, 8312
68, -27, 8311
76, -14, 8308
77, -30, 8288
81, -28, 8303
78, -35, 8323
64, -17, 8306
83, -24, 8290
85, -15, 8320
81, -22, 8293
82, -23, 8293
69, -20, 8302
74, -26, 8305
74, -31, 8302
68, -17, 8304
77, -33, 8317
69, -24, 8327
67, -25, 8307
92, -39, 8313
76, -19, 8303
79, -25, 8297
77, -23, 8297
79, -30, 8305
77, -39, 8316
92, -17, 8307
87, -24, 8302
82, -28, 8309
77, -20, 8299
82, -26, 8299
78, -23, 8305
81, -21, 8305
66, -36, 8316
77, -18, 8292
62, -26, 8319
71, -23, 8309
88, -33, 8307
80, -24, 8295
72, -23, 8305
85, -18, 8305
72, -32, 8295
68, -18, 8294
77, -21, 8308
79, -31, 8309
89, -19, 8303
76, -35, 8326
81, -31, 8300
85, -25, 8292
90, -28, 8305
86, -23, 8305
69, -22, 8309
75, -16, 8331
79, -22, 8306
78, -24, 8307
81, -25, 8304
83, -32, 8302
89, -26, 8304
72, -18, 8304
76, -23, 8324
81, -20, 8311
75, -19, 8289
86, -25, 8308
74, -29, 8315
83, -23, 8306
81, -33, 8317
76, -22, 8296
81, -25, 8310
82, -34, 8309
72, -31, 8300
82, -29, 8310
77, -20, 8297
80, -18, 8303
91, -21, 8303
74, -20, 8298
79, -23, 8321
65, -27, 8306
83, -30, 8299
76, -26, 8307
67, -15, 8301
74, -23, 8301
78, -29, 8312
72, -28, 8312
83, -33, 8311
75, -25, 8306
70, -20, 8307
75, -30, 8289
73, -29, 8321
75, -18, 8299
77, -24, 8288
70, -26, 8302
95, -33, 8319
86, -29, 8304
85, -21, 8302
74, -24, 8310
81, -23, 8299
76, -26, 8300
89, -26, 8310
81, -25, 8301
80, -29, 8304
76, -17, 8296
70, -30, 8316
71, -19, 8305
72, -25, 8313
85, -27, 8298
88, -18, 8307
79, -22, 8298
80, -26, 8297
82, -23, 8310
74, -18, 8314
73, -27, 8320
64, -21, 8317
77, -26, 8303
79, -26, 8311
76, -31, 8306
64, -27, 8316
97, -29, 8309
78, -27, 8307
72, -28, 8309
67, -28, 8308
70, -13, 8301
87, -21, 8314
75, -30, 8301
80, -26, 8303
67, -27, 8312
82, -26, 8298
76, -32, 8304
75, -31, 8313
74, -25, 8311
80, -29, 8302
82, -21, 8317
78, -23, 8300
82, -23, 8304
93, -20, 8305
92, -19, 8304
85, -24, 8305
65, -21, 8313
66, -13, 8318
77, -22, 8307
81, -23, 8312
84, -24, 8295
74, -34, 8318
67, -40, 8334
71, -21, 8302
92, -37, 8298
82, -27, 8308
63, -30, 8326
89, -23, 8311
98, -27, 8306
73, -28, 8310
82, -22, 8311
82, -23, 8294
76, -30, 8311
81, -29, 8316
82, -21, 8296
81, -30, 8310
70, -16, 8303
81, -25, 8309
70, -21, 8299
83, -29, 8303
71, -26, 8308
84, -31, 8311
71, -13, 8298
76, -6, 8297
81, -26, 8295
80, -27, 8301
79, -27, 8305
90, -28, 8309
90, -27, 8304
72, -19, 8323
79, -22, 8286
85, -25, 8301
80, -23, 8298
92, -23, 8296
72, -29, 8319
80, -22, 8299
82, -26, 8310
75, -25, 8317
84, -27, 8303
70, -26, 8309
84, -21, 8303
86, -22, 8301
95, -19, 8301
74, -22, 8307
75, -31, 8306
76, -11, 8300
75, -22, 8309
81, -22, 8293
83, -24, 8296
70, -27, 8322
83, -24, 8295
83, -20, 8292
75, -26, 8303
82, -35, 8308
68, -28, 8321
77, -27, 8300
71, -27, 8316
82, -27, 8302
64, -23, 8310
78, -35, 8313
75, -12, 8298
77, -21, 8315
86, -37, 8317
71, -27, 8307
78, -10, 8302
74, -24, 8310
71, -22, 8290
81, -27, 8295
73, -9, 8302
68, -23, 8290
68, -9, 8299
75, -28, 8296
75, -19, 8297
67, -30, 8317
76, -28, 8294
74, -17, 8294
82, -23, 8286
83, -25, 8292
80, -20, 8299
79, -30, 8311
80, -35, 8305
81, -24, 8298
80, -21, 8295
71, -32, 8314
78, -26, 8294
78, -22, 8298
83, -17, 8310
83, -26, 8293
91, -28, 8309
79, -22, 8298
79, -17, 8299
79, -22, 8292
76, -24, 8300
80, -15, 8303
87, -23, 8302
68, -24, 8301
77, -22, 8305
76, -21, 8302
83, -24, 8305
68, -24, 8289
75, -20, 8294
86, -19, 8300
87, -21, 8304
78, -25, 8311
