=~=~=~=~=~=~=~=~=~=~=~= PuTTY log 2022.04.06 16:36:19 =~=~=~=~=~=~=~=~=~=~=~=
Filtered: 1 Exp Smooth Fact: 0.90
X, Y, Z
2, 18, -42
1, 24, -51
21, 17, -33
12, 1, -47
3, 0, -57
28, -9, -47
23, -11, -42
32, -9, -46
21, 0, -60
16, -8, -54
25, -7, -55
14, 7, -48
4, 24, -53
13, 28, -41
10, 29, -47
4, 21, -32
2, 13, -56
5, 5, -55
4, 1, -61
10, 11, -48
31, -1, -58
26, 4, -50
10, -11, -41
13, -4, -49
20, -7, -49
11, -3, -49
17, 5, -62
16, 1, -55
1, 1, -44
12, 14, -46
5, 10, -44
4, 1, -49
11, 19, -40
11, 9, -56
24, 0, -53
19, -4, -53
17, -12, -49
28, -3, -50
16, -17, -48
12, -3, -57
20, 5, -45
5, 7, -58
3, 17, -49
13, 10, -46
11, 5, -46
5, 13, -38
14, 13, -41
14, 13, -39
6, 6, -40
7, 0, -45
7, 10, -53
15, 1, -53
12, -9, -61
18, -1, -70
9, 0, -41
4, 18, -49
2, 5, -50
12, 12, -32
21, 7, -53
17, 15, -40
23, 14, -48
0, 6, -55
15, 3, -51
11, 1, -46
2, -9, -51
22, 0, -45
23, -5, -40
15, -9, -30
15, 0, -52
9, 7, -49
10, 5, -67
10, 7, -59
-1, 24, -29
13, 11, -38
18, 15, -43
13, 6, -51
22, 13, -38
25, 6, -52
8, 4, -52
14, 5, -42
19, 1, -56
19, 0, -53
20, 0, -44
25, 0, -49
22, -1, -52
4, 6, -62
-4, 7, -50
10, 8, -41
4, 1, -40
12, 8, -45
2, 10, -39
10, 8, -50
14, 3, -64
27, 3, -39
18, 1, -48
14, 4, -54
27, 0, -44
18, 1, -50
21, 0, -52
10, 10, -58
5, 14, -50
-1, 9, -48
13, 10, -45
29, 10, -41
0, 11, -49
10, 0, -46
5, 10, -47
6, 10, -47
18, 7, -62
17, 3, -62
18, -11, -44
13, -2, -56
19, -2, -52
24, 3, -46
16, 0, -42
16, 3, -58
13, 8, -54
18, 1, -54
17, 3, -46
6, 3, -46
15, 3, -42
14, 15, -49
8, 6, -48
16, 2, -55
30, 0, -59
21, -6, -53
17, -1, -49
10, -4, -53
13, 4, -57
-2, 6, -53
10, 10, -52
10, 1, -52
19, 17, -46
16, 11, -48
16, 15, -50
12, 5, -39
9, 9, -42
12, -1, -41
21, 4, -55
26, -7, -50
13, 0, -65
12, -9, -49
28, 1, -57
11, 9, -59
22, 2, -58
18, 5, -50
14, 11, -49
15, 4, -51
6, 4, -44
4, 8, -47
-4, 11, -47
21, 1, -48
20, 10, -58
16, 4, -41
19, -3, -41
15, -2, -39
20, -1, -45
20, -2, -54
12, 5, -48
10, 14, -42
24, 0, -44
8, 11, -44
8, 12, -43
8, 12, -43
13, 3, -47
6, 2, -45
21, 5, -44
8, 5, -60
16, -4, -60
24, -4, -64
13, -1, -49
4, 9, -49
7, 5, -50
7, 13, -55
11, 4, -55
14, 16, -48
8, 3, -50
5, 6, -51
5, 0, -42
11, 0, -51
22, 0, -57
5, 7, -47
5, 4, -47
8, 12, -51
13, 2, -43
14, 2, -59
4, 3, -55
3, 8, -53
14, 1, -52
13, 10, -55
18, 9, -48
11, 3, -48
8, 6, -55
19, 3, -54
10, 2, -43
14, 3, -61
6, 0, -43
15, 2, -54
19, -2, -54
17, 0, -56
22, 5, -47
11, 5, -45
20, -4, -44
-2, 0, -41
16, 1, -58
18, 7, -40
23, 12, -41
5, 3, -59
22, 11, -50
0, 13, -50
15, 4, -53
12, -4, -40
16, 8, -54
9, 8, -53
22, 2, -51
16, -1, -56
11, 7, -53
13, -3, -41
13, 5, -52
14, 3, -43
3, 12, -47
12, 1, -50
6, 10, -55
0, 6, -37
23, 4, -54
16, 11, -36
15, 0, -42
6, 5, -43
14, 2, -53
22, -8, -33
12, 3, -34
18, 10, -42
9, 3, -42
6, 0, -51
-1, 6, -46
12, 7, -46
20, 4, -46
21, 6, -60
1, 11, -51
17, 1, -51
11, 4, -54
12, 0, -49
17, -2, -56
16, -3, -53
22, 0, -53
22, -3, -34
20, 0, -48
11, -2, -55
6, 3, -55
6, 0, -65
14, 7, -46
3, 16, -51
12, 11, -42
10, 3, -55
10, 17, -55
15, 2, -55
22, 11, -47
16, -7, -39
1, 2, -41
10, -4, -46
15, 0, -43
21, 1, -52
11, 4, -53
18, 6, -53
22, 3, -55
16, 7, -55
12, 0, -34
11, 5, -43
2, -8, -38
-1, -2, -35
17, 1, -56
32, 10, -48
15, 4, -55
17, -4, -53
14, 2, -43
14, 2, -40
14, 3, -41
22, 3, -55
14, 0, -46
19, 2, -50
9, 11, -44
13, 2, -50
12, 3, -41
4, 4, -59
-4, 4, -52
7, 12, -53
0, 3, -40
0, 5, -49
18, 14, -45
17, 4, -51
14, 6, -47
6, 1, -37
6, 6, -52
7, 8, -52
9, 8, -36
12, 8, -44
13, 6, -45
13, 5, -46
18, 4, -41
7, 7, -59
9, -1, -46
7, 0, -41
8, -4, -39
8, -1, -48
12, 1, -58
5, 7, -50
8, 2, -52
7, 6, -55
14, 2, -45
19, 11, -39
14, 2, -65
11, 14, -51
-4, 0, -40
16, 5, -40
16, -2, -50
18, 0, -59
10, 0, -49
22, 9, -49
9, 2, -38
0, 2, -46
1, 6, -51
1, 15, -49
10, 7, -44
10, 9, -39
19, 5, -46
13, 2, -47
6, 3, -55
6, 2, -61
15, 0, -55
12, 1, -37
-2, 8, -50
22, 4, -50
8, 4, -39
16, -2, -41
19, 14, -44
19, 11, -42
3, 11, -40
12, 4, -47
17, 3, -46
19, 7, -38
10, 5, -49
18, 7, -39
4, -1, -51
7, -3, -40
13, 2, -48
13, 9, -46
19, 10, -50
9, 1, -37
17, 1, -47
3, 16, -44
5, 7, -44
13, 4, -46
4, 4, -42
11, 4, -49
14, 0, -51
16, 3, -53
16, 3, -44
17, 3, -47
6, 0, -50
5, -2, -42
10, 2, -60
8, 0, -47
9, 9, -47
16, 0, -52
16, 5, -37
17, 3, -50
17, 8, -38
13, -7, -38
14, 4, -38
6, 11, -42
5, 10, -46
18, 0, -54
9, 7, -48
20, 0, -35
16, 3, -44
10, 3, -41
12, 7, -44
5, 12, -50
9, 2, -45
10, 11, -41
10, 12, -41
21, 21, -45
5, 21, -38
10, 3, -49
13, 5, -48
12, 4, -46
7, 10, -36
15, 9, -33
7, 12, -45
11, 4, -47
16, 1, -53
7, 9, -43
13, 6, -49
4, 9, -40
15, 1, -57
19, 17, -42
22, 8, -47
12, 4, -42
12, 4, -30
12, 4, -44
20, 8, -42
19, 1, -48
10, -3, -52
13, -6, -54
4, 4, -43
9, 6, -47
11, 4, -44
5, 6, -43
11, -2, -49
17, 7, -43
18, 4, -50
7, 3, -42
18, 4, -64
18, 11, -39
14, 3, -44
13, 0, -57
22, -5, -45
3, 0, -56
17, 2, -38
20, 0, -52
10, 4, -52
14, 14, -34
2, 6, -50
13, 9, -37
3, 6, -37
23, 15, -46
26, 4, -38
3, 9, -50
8, -3, -41
13, 5, -50
2, 5, -46
8, 4, -44
17, 0, -56
1, 0, -46
10, 0, -46
13, 1, -37
13, 0, -33
11, -1, -42
10, 1, -42
12, 10, -43
14, 6, -52
4, 0, -43
5, 9, -48
20, 5, -46
16, 2, -51
16, -4, -48
11, 4, -39
12, 7, -39
12, -1, -45
17, -1, -49
10, 3, -47
10, -8, -40
19, 6, -35
15, -3, -35
7, 3, -49
-4, 9, -53
8, -4, -39
-3, 4, -50
18, -7, -59
12, -3, -52
7, -3, -52
19, -1, -52
8, -1, -45
21, 7, -39
3, 10, -42
20, -4, -50
2, 13, -47
4, 15, -51
21, 10, -42
16, 4, -52
12, 11, -39
6, 4, -53
2, -8, -30
21, 6, -46
18, 3, -55
15, 3, -46
9, 9, -43
1, 9, -45
12, -1, -50
1, 11, -47
13, 5, -48
22, 1, -63
18, 10, -45
9, 10, -47
9, 3, -48
10, 0, -39
10, 1, -38
13, 0, -46
21, -1, -43
17, -2, -50
15, 2, -54
9, 2, -54
9, 2, -48
14, -2, -45
22, 9, -37
14, 4, -50
5, 1, -55
19, 1, -53
6, 9, -53
11, 7, -50
19, -1, -52
9, 6, -41
12, 12, -45
18, 10, -47
23, 5, -56
13, 7, -30
19, 3, -53
23, 8, -49
9, 1, -45
15, 7, -50
10, 16, -59
25, 8, -51
11, 1, -61
18, 1, -51
8, -2, -49
20, -2, -49
-6, 3, -54
14, 3, -47
9, 2, -57
26, 2, -54
8, 10, -48
8, 14, -32
8, 3, -40
25, 15, -43
7, 6, -45
8, 10, -52
5, 2, -43
14, 1, -61
0, 4, -49
9, 7, -56
1, 7, -53
3, 11, -50
22, 12, -37
20, 1, -50
9, 0, -36
8, 5, -45
8, 11, -47
5, 0, -38
9, 3, -36
4, 8, -44
-4, 7, -53
17, 10, -43
8, 13, -52
8, 6, -56
8, 4, -43
9, 11, -51
21, 13, -39
12, 2, -47
1, 4, -50
12, 4, -50
12, 3, -43
21, 1, -47
23, 11, -39
21, -3, -39
-5, 6, -49
7, 6, -46
6, 1, -35
3, 15, -46
17, 6, -43
16, 6, -41
20, 6, -50
14, 0, -45
9, 2, -41
5, 2, -48
10, 1, -48
0, 10, -48
7, 11, -53
1, 14, -41
19, 10, -47
15, 0, -54
6, 7, -49
24, 6, -50
1, 2, -47
19, 0, -55
3, 5, -46
20, 2, -46
0, 0, -55
5, 4, -51
13, 4, -64
4, 8, -48
7, 1, -49
21, 10, -42
15, 14, -38
7, 12, -54
-1, 3, -40
0, 5, -43
14, 14, -41
15, 13, -35
15, 2, -53
-3, 8, -50
14, 0, -50
12, 10, -38
14, 10, -47
2, 12, -45
10, 1, -49
11, 9, -42
21, 2, -47
12, 4, -38
8, 6, -48
-1, 8, -51
9, 8, -32
17, 11, -32
13, 2, -56
4, 3, -48
9, 9, -49
8, 3, -54
11, 2, -40
19, 4, -53
8, 10, -59
8, 2, -46
13, 1, -67
18, 4, -49
4, 7, -57
-2, 3, -59
7, 5, -49
7, 5, -43
24, -1, -57
19, 5, -47
16, -3, -45
19, -2, -49
5, -5, -35
7, 0, -47
16, 2, -59
8, 1, -40
14, 5, -51
14, 2, -49
9, 0, -43
1, 3, -64
11, 9, -49
10, 2, -58
9, 1, -52
14, 3, -43
9, -2, -57
23, 10, -45
23, 5, -43
11, 0, -45
3, 4, -51
17, 11, -39
17, 5, -38
10, -7, -46
-2, -5, -39
1, 15, -45
14, 0, -71
12, 0, -55
21, 6, -39
7, 8, -40
9, 1, -49
21, 9, -40
22, 16, -39
12, 4, -52
1, 8, -43
14, 1, -34
8, 1, -61
22, 4, -55
5, 14, -50
18, 6, -54
15, 2, -43
15, 3, -44
-1, 12, -48
5, 3, -48
0, -1, -39
10, 1, -46
12, 0, -55
12, 9, -48
9, 7, -42
11, 5, -58
13, 0, -50
19, 2, -57
2, 15, -51
7, 3, -50
9, 3, -47
21, -2, -55
15, 0, -57
0, 9, -47
7, 8, -49
12, 11, -31
18, 7, -42
21, 9, -40
8, 19, -52
22, 10, -38
4, 0, -35
23, 16, -34
5, 13, -49
13, 3, -44
15, 3, -41
10, 0, -43
14, 0, -53
17, 1, -54
16, 2, -47
10, 0, -49
10, 2, -52
22, 6, -40
20, 3, -43
12, 0, -45
6, 0, -40
14, 0, -53
11, -3, -36
11, 0, -40
6, 0, -45
12, 4, -44
16, 7, -40
18, 19, -39
9, 9, -32
10, 7, -43
6, 2, -48
15, 0, -48
18, 5, -52
16, 0, -18
17, 0, -37
11, 2, -28
6, 12, -48
24, 7, -33
4, 19, -27
15, 1, -43
4, 2, -38
14, 0, -48
3, 9, -48
16, 8, -45
23, 12, -41
13, 4, -41
13, -2, -41
15, 1, -51
16, 6, -43
7, 10, -36
5, 7, -32
3, 6, -36
13, -1, -45
13, 6, -40
9, 0, -45
17, 5, -43
8, 6, -44
9, 11, -35
11, 2, -46
11, 2, -57
10, 3, -47
10, 8, -48
25, 9, -37
7, 0, -43
0, -5, -34
5, 4, -34
14, -1, -34
25, 0, -42
19, 4, -49
20, 13, -38
21, 7, -38
6, 7, -33
22, 15, -38
2, 13, -29
7, 5, -35
4, -5, -44
4, 0, -40
5, 7, -49
5, -2, -31
14, -4, -36
5, 11, -49
14, 7, -36
11, 3, -45
10, 0, -39
2, 5, -40
15, -1, -59
13, 1, -38
18, 12, -37
19, 1, -46
17, 8, -43
14, -1, -39
15, 2, -49
13, 9, -32
18, 0, -43
14, 1, -46
5, 12, -56
6, 5, -46
19, 10, -34
5, 4, -49
7, 5, -40
11, 1, -48
17, 18, -34
11, -1, -46
11, 12, -37
11, 2, -41
12, 0, -41
-1, 10, -50
31, 12, -41
12, 3, -36
19, 3, -40
10, 0, -48
13, 3, -41
12, -2, -45
22, 15, -42
20, 5, -34
13, 1, -43
15, 3, -47
14, -1, -43
5, 0, -44
20, 2, -37
20, 3, -32
23, -2, -44
22, 10, -49
13, 6, -40
10, 0, -33
4, 4, -48
8, 3, -50
16, 3, -49
15, 3, -47
23, 17, -44
17, 3, -45
9, 0, -39
9, 7, -29
14, 4, -52
18, 8, -40
18, 5, -48
6, -2, -51
10, 1, -51
6, -4, -37
6, 11, -44
8, -1, -36
14, 9, -35
14, 12, -35
10, 1, -48
6, 13, -37
6, 6, -39
10, 0, -48
12, -1, -42
2, 5, -22
10, 1, -39
10, 1, -45
8, 1, -44
13, 2, -44
14, 0, -52
12, 5, -47
9, 4, -49
7, -4, -37
15, 11, -28
17, 1, -45
18, 1, -46
9, 2, -46
7, 5, -40
14, 4, -45
29, 4, -46
23, 9, -41
23, 5, -38
17, 6, -52
21, 2, -52
9, 3, -35
22, 2, -45
16, 2, -45
13, 0, -52
16, 7, -38
8, -2, -42
16, 7, -40
25, 8, -41
11, 3, -43
12, 0, -54
6, 4, -54
4, 0, -36
10, 4, -51
19, 1, -55
11, 10, -44
12, 4, -35
17, 2, -39
23, 15, -34
18, 3, -47
19, 2, -52
19, 7, -38
10, 7, -40
5, 11, -49
11, 0, -39
9, 10, -37
14, 1, -46
19, 8, -36
16, 4, -47
10, -2, -40
11, 3, -52
10, 5, -49
19, 3, -39
21, 4, -51
19, 3, -53
3, 1, -46
20, 9, -40
15, 7, -57
12, 2, -39
6, 10, -33
-3, 17, -28
19, 7, -36
1, 9, -52
14, 12, -40
19, 6, -50
13, 2, -47
20, 10, -35
13, 1, -45
8, 15, -36
8, 3, -44
28, 3, -39
21, 7, -43
14, 0, -45
5, 9, -43
11, 14, -44
6, 18, -53
11, 2, -58
12, 0, -49
23, 5, -45
2, 8, -45
18, 11, -33
16, 1, -54
15, 12, -38
3, 6, -50
18, 1, -49
16, 1, -49
12, 1, -32
14, 0, -50
6, 7, -31
15, -1, -49
5, 10, -49
14, 1, -55
11, 18, -42
18, 9, -43
12, 2, -48
9, 3, -48
8, 12, -53
1, 17, -51
8, 2, -32
10, 13, -45
19, 4, -55
18, 4, -37
6, -2, -57
6, 5, -57
15, 2, -54
14, 2, -43
14, 5, -55
8, 0, -44
9, -5, -43
10, 3, -52
23, 5, -52
18, 10, -44
22, 13, -42
11, -1, -47
4, -4, -36
8, 2, -34
10, 2, -46
21, 10, -43
18, 3, -58
5, 6, -42
0, 2, -40
13, 2, -33
16, 6, -47
16, 6, -41
13, 15, -31
15, 10, -31
15, 4, -54
15, 4, -50
9, 0, -35
18, 0, -44
21, 3, -47
22, 19, -47
12, -1, -48
0, 6, -56
5, -1, -52
10, 0, -50
21, 14, -40
11, 17, -38
-3, 9, -44
0, 9, -46
4, 5, -53
10, 5, -35
28, 9, -36
19, 11, -40
12, 2, -54
14, -3, -43
9, -6, -39
1, 2, -48
2, 10, -34
0, 15, -52
-4, 3, -46
20, -1, -41
14, 7, -42
14, -1, -51
11, 15, -42
11, 1, -48
20, 1, -38
12, 10, -40
11, 5, -42
7, 6, -49
6, 9, -46
3, 11, -48
20, 0, -48
16, 3, -43
17, 2, -47
9, 0, -52
7, 0, -31
15, 8, -38
12, 14, -31
14, 14, -38
1, 6, -50
10, 4, -53
7, 1, -35
11, 1, -52
-1, 0, -59
11, 2, -50
19, -3, -44
0, -2, -28
0, 7, -44
